#
# There is insufficient memory for the Java Runtime Environment to continue.
# Native memory allocation (malloc) failed to allocate 90480 bytes for Chunk::new
# Possible reasons:
#   The system is out of physical RAM or swap space
#   The process is running with CompressedOops enabled, and the Java Heap may be blocking the growth of the native heap
# Possible solutions:
#   Reduce memory load on the system
#   Increase physical memory or swap space
#   Check if swap backing store is full
#   Decrease Java heap size (-Xmx/-Xms)
#   Decrease number of Java threads
#   Decrease Java thread stack sizes (-Xss)
#   Set larger code cache with -XX:ReservedCodeCacheSize=
#   JVM is running with Unscaled Compressed Oops mode in which the Java heap is
#     placed in the first 4GB address space. The Java Heap base address is the
#     maximum limit for the native heap growth. Please use -XX:HeapBaseMinAddress
#     to set the Java Heap base and to place the Java Heap above 4GB virtual address.
# This output file may be truncated or incomplete.
#
#  Out of Memory Error (arena.cpp:168), pid=28424, tid=31356
#
# JRE version: Java(TM) SE Runtime Environment (21.0.7+8) (build 21.0.7+8-LTS-245)
# Java VM: Java HotSpot(TM) 64-Bit Server VM (21.0.7+8-LTS-245, mixed mode, sharing, tiered, compressed oops, compressed class ptrs, g1 gc, windows-amd64)
# No core dump will be written. Minidumps are not enabled by default on client versions of Windows
#

---------------  S U M M A R Y ------------

Command Line: -Xmx64m -Xms64m -Dorg.gradle.appname=gradlew D:\Reactnative\CRM\Crm-App\android\\gradle\wrapper\gradle-wrapper.jar assembleRelease

Host: AMD Ryzen 5 5600H with Radeon Graphics         , 12 cores, 7G,  Windows 11 , 64 bit Build 22000 (10.0.22000.1516)
Time: Wed Mar 11 15:58:49 2026 India Standard Time elapsed time: 110.787886 seconds (0d 0h 1m 50s)

---------------  T H R E A D  ---------------

Current thread (0x00000227743c7500):  JavaThread "C2 CompilerThread0" daemon [_thread_in_native, id=31356, stack(0x000000bf98a00000,0x000000bf98b00000) (1024K)]


Current CompileTask:
C2: 110806 2121       4       org.gradle.internal.logging.console.ThrottlingOutputEventListener::renderNow (40 bytes)

Stack: [0x000000bf98a00000,0x000000bf98b00000]
Native frames: (J=compiled Java code, j=interpreted, Vv=VM code, C=native code)
V  [jvm.dll+0x6cae19]
V  [jvm.dll+0x855741]
V  [jvm.dll+0x857c6e]
V  [jvm.dll+0x858343]
V  [jvm.dll+0x27e0b6]
V  [jvm.dll+0xc4ecd]
V  [jvm.dll+0xc5403]
V  [jvm.dll+0x3b578c]
V  [jvm.dll+0x381e25]
V  [jvm.dll+0x38129a]
V  [jvm.dll+0x246b30]
V  [jvm.dll+0x24610f]
V  [jvm.dll+0x1c6efe]
V  [jvm.dll+0x255819]
V  [jvm.dll+0x253daa]
V  [jvm.dll+0x3eebb6]
V  [jvm.dll+0x7ffa1b]
V  [jvm.dll+0x6c94fd]
C  [ucrtbase.dll+0x26c0c]
C  [KERNEL32.DLL+0x155a0]
C  [ntdll.dll+0x485b]


---------------  P R O C E S S  ---------------

Threads class SMR info:
_java_thread_list=0x0000022779b57fd0, length=12, elements={
0x0000022757a1dfa0, 0x00000227743b46f0, 0x00000227743b5f10, 0x00000227743b9b30,
0x00000227743baea0, 0x00000227743c1cc0, 0x00000227743c2ac0, 0x00000227743c7500,
0x00000227743c84f0, 0x0000022774649a00, 0x0000022774650c50, 0x0000022779ac1b70
}

Java Threads: ( => current thread )
  0x0000022757a1dfa0 JavaThread "main"                              [_thread_in_native, id=27864, stack(0x000000bf97c00000,0x000000bf97d00000) (1024K)]
  0x00000227743b46f0 JavaThread "Reference Handler"          daemon [_thread_blocked, id=25496, stack(0x000000bf98400000,0x000000bf98500000) (1024K)]
  0x00000227743b5f10 JavaThread "Finalizer"                  daemon [_thread_blocked, id=13860, stack(0x000000bf98500000,0x000000bf98600000) (1024K)]
  0x00000227743b9b30 JavaThread "Signal Dispatcher"          daemon [_thread_blocked, id=8020, stack(0x000000bf98600000,0x000000bf98700000) (1024K)]
  0x00000227743baea0 JavaThread "Attach Listener"            daemon [_thread_blocked, id=11072, stack(0x000000bf98700000,0x000000bf98800000) (1024K)]
  0x00000227743c1cc0 JavaThread "Service Thread"             daemon [_thread_blocked, id=29536, stack(0x000000bf98800000,0x000000bf98900000) (1024K)]
  0x00000227743c2ac0 JavaThread "Monitor Deflation Thread"   daemon [_thread_blocked, id=11184, stack(0x000000bf98900000,0x000000bf98a00000) (1024K)]
=>0x00000227743c7500 JavaThread "C2 CompilerThread0"         daemon [_thread_in_native, id=31356, stack(0x000000bf98a00000,0x000000bf98b00000) (1024K)]
  0x00000227743c84f0 JavaThread "C1 CompilerThread0"         daemon [_thread_blocked, id=26140, stack(0x000000bf98b00000,0x000000bf98c00000) (1024K)]
  0x0000022774649a00 JavaThread "Notification Thread"        daemon [_thread_blocked, id=17252, stack(0x000000bf98c00000,0x000000bf98d00000) (1024K)]
  0x0000022774650c50 JavaThread "Common-Cleaner"             daemon [_thread_blocked, id=28760, stack(0x000000bf98d00000,0x000000bf98e00000) (1024K)]
  0x0000022779ac1b70 JavaThread "pool-1-thread-1"                   [_thread_blocked, id=28388, stack(0x000000bf99200000,0x000000bf99300000) (1024K)]
Total: 12

Other Threads:
  0x0000022759db9e60 VMThread "VM Thread"                           [id=20544, stack(0x000000bf98300000,0x000000bf98400000) (1024K)]
  0x000002277439ca10 WatcherThread "VM Periodic Task Thread"        [id=31248, stack(0x000000bf98200000,0x000000bf98300000) (1024K)]
  0x0000022759d04070 WorkerThread "GC Thread#0"                     [id=31672, stack(0x000000bf97d00000,0x000000bf97e00000) (1024K)]
  0x00000227790fb3d0 WorkerThread "GC Thread#1"                     [id=32212, stack(0x000000bf98f00000,0x000000bf99000000) (1024K)]
  0x000002277918f940 WorkerThread "GC Thread#2"                     [id=24348, stack(0x000000bf99000000,0x000000bf99100000) (1024K)]
  0x000002277918fce0 WorkerThread "GC Thread#3"                     [id=26224, stack(0x000000bf99100000,0x000000bf99200000) (1024K)]
  0x0000022779dbd650 WorkerThread "GC Thread#4"                     [id=29808, stack(0x000000bf99300000,0x000000bf99400000) (1024K)]
  0x0000022779da0b20 WorkerThread "GC Thread#5"                     [id=3980, stack(0x000000bf99400000,0x000000bf99500000) (1024K)]
  0x0000022779da14d0 WorkerThread "GC Thread#6"                     [id=32200, stack(0x000000bf99500000,0x000000bf99600000) (1024K)]
  0x0000022779da2410 WorkerThread "GC Thread#7"                     [id=17080, stack(0x000000bf99600000,0x000000bf99700000) (1024K)]
  0x0000022779da2070 WorkerThread "GC Thread#8"                     [id=9268, stack(0x000000bf99700000,0x000000bf99800000) (1024K)]
  0x0000022759d05850 ConcurrentGCThread "G1 Main Marker"            [id=10588, stack(0x000000bf97e00000,0x000000bf97f00000) (1024K)]
  0x0000022759d06e00 WorkerThread "G1 Conc#0"                       [id=26936, stack(0x000000bf97f00000,0x000000bf98000000) (1024K)]
  0x0000022759d98410 ConcurrentGCThread "G1 Refine#0"               [id=2428, stack(0x000000bf98000000,0x000000bf98100000) (1024K)]
  0x0000022759d99a40 ConcurrentGCThread "G1 Service"                [id=18132, stack(0x000000bf98100000,0x000000bf98200000) (1024K)]
Total: 15

Threads with active compile tasks:
C2 CompilerThread0   111900 2121       4       org.gradle.internal.logging.console.ThrottlingOutputEventListener::renderNow (40 bytes)
Total: 1

VM state: not at safepoint (normal execution)

VM Mutex/Monitor currently owned by a thread: None

Heap address: 0x00000000fc000000, size: 64 MB, Compressed Oops mode: 32-bit

CDS archive(s) mapped at: [0x0000022700000000-0x0000022700c90000-0x0000022700c90000), size 13172736, SharedBaseAddress: 0x0000022700000000, ArchiveRelocationMode: 1.
Compressed class space mapped at: 0x0000022701000000-0x0000022741000000, reserved size: 1073741824
Narrow klass base: 0x0000022700000000, Narrow klass shift: 0, Narrow klass range: 0x100000000

GC Precious Log:
 CardTable entry size: 512
 Card Set container configuration: InlinePtr #cards 5 size 8 Array Of Cards #cards 12 size 40 Howl #buckets 4 coarsen threshold 1843 Howl Bitmap #cards 512 size 80 coarsen threshold 460 Card regions per heap region 1 cards per card region 2048
 CPUs: 12 total, 12 available
 Memory: 7523M
 Large Page Support: Disabled
 NUMA Support: Disabled
 Compressed Oops: Enabled (32-bit)
 Heap Region Size: 1M
 Heap Min Capacity: 64M
 Heap Initial Capacity: 64M
 Heap Max Capacity: 64M
 Pre-touch: Disabled
 Parallel Workers: 10
 Concurrent Workers: 3
 Concurrent Refinement Workers: 10
 Periodic GC: Disabled

Heap:
 garbage-first heap   total 65536K, used 19456K [0x00000000fc000000, 0x0000000100000000)
  region size 1024K, 14 young (14336K), 5 survivors (5120K)
 Metaspace       used 9700K, committed 9984K, reserved 1114112K
  class space    used 1231K, committed 1344K, reserved 1048576K

Heap Regions: E=young(eden), S=young(survivor), O=old, HS=humongous(starts), HC=humongous(continues), CS=collection set, F=free, TAMS=top-at-mark-start, PB=parsable bottom
|   0|0x00000000fc000000, 0x00000000fc100000, 0x00000000fc100000|100%|HS|  |TAMS 0x00000000fc000000| PB 0x00000000fc000000| Complete 
|   1|0x00000000fc100000, 0x00000000fc200000, 0x00000000fc200000|100%|HC|  |TAMS 0x00000000fc100000| PB 0x00000000fc100000| Complete 
|   2|0x00000000fc200000, 0x00000000fc300000, 0x00000000fc300000|100%|HC|  |TAMS 0x00000000fc200000| PB 0x00000000fc200000| Complete 
|   3|0x00000000fc300000, 0x00000000fc400000, 0x00000000fc400000|100%| O|  |TAMS 0x00000000fc300000| PB 0x00000000fc300000| Untracked 
|   4|0x00000000fc400000, 0x00000000fc500000, 0x00000000fc500000|100%| O|  |TAMS 0x00000000fc400000| PB 0x00000000fc400000| Untracked 
|   5|0x00000000fc500000, 0x00000000fc600000, 0x00000000fc600000|100%| O|  |TAMS 0x00000000fc500000| PB 0x00000000fc500000| Untracked 
|   6|0x00000000fc600000, 0x00000000fc600000, 0x00000000fc700000|  0%| F|  |TAMS 0x00000000fc600000| PB 0x00000000fc600000| Untracked 
|   7|0x00000000fc700000, 0x00000000fc700000, 0x00000000fc800000|  0%| F|  |TAMS 0x00000000fc700000| PB 0x00000000fc700000| Untracked 
|   8|0x00000000fc800000, 0x00000000fc800000, 0x00000000fc900000|  0%| F|  |TAMS 0x00000000fc800000| PB 0x00000000fc800000| Untracked 
|   9|0x00000000fc900000, 0x00000000fc900000, 0x00000000fca00000|  0%| F|  |TAMS 0x00000000fc900000| PB 0x00000000fc900000| Untracked 
|  10|0x00000000fca00000, 0x00000000fca00000, 0x00000000fcb00000|  0%| F|  |TAMS 0x00000000fca00000| PB 0x00000000fca00000| Untracked 
|  11|0x00000000fcb00000, 0x00000000fcb00000, 0x00000000fcc00000|  0%| F|  |TAMS 0x00000000fcb00000| PB 0x00000000fcb00000| Untracked 
|  12|0x00000000fcc00000, 0x00000000fcc00000, 0x00000000fcd00000|  0%| F|  |TAMS 0x00000000fcc00000| PB 0x00000000fcc00000| Untracked 
|  13|0x00000000fcd00000, 0x00000000fcd00000, 0x00000000fce00000|  0%| F|  |TAMS 0x00000000fcd00000| PB 0x00000000fcd00000| Untracked 
|  14|0x00000000fce00000, 0x00000000fce00000, 0x00000000fcf00000|  0%| F|  |TAMS 0x00000000fce00000| PB 0x00000000fce00000| Untracked 
|  15|0x00000000fcf00000, 0x00000000fcf00000, 0x00000000fd000000|  0%| F|  |TAMS 0x00000000fcf00000| PB 0x00000000fcf00000| Untracked 
|  16|0x00000000fd000000, 0x00000000fd000000, 0x00000000fd100000|  0%| F|  |TAMS 0x00000000fd000000| PB 0x00000000fd000000| Untracked 
|  17|0x00000000fd100000, 0x00000000fd100000, 0x00000000fd200000|  0%| F|  |TAMS 0x00000000fd100000| PB 0x00000000fd100000| Untracked 
|  18|0x00000000fd200000, 0x00000000fd200000, 0x00000000fd300000|  0%| F|  |TAMS 0x00000000fd200000| PB 0x00000000fd200000| Untracked 
|  19|0x00000000fd300000, 0x00000000fd300000, 0x00000000fd400000|  0%| F|  |TAMS 0x00000000fd300000| PB 0x00000000fd300000| Untracked 
|  20|0x00000000fd400000, 0x00000000fd400000, 0x00000000fd500000|  0%| F|  |TAMS 0x00000000fd400000| PB 0x00000000fd400000| Untracked 
|  21|0x00000000fd500000, 0x00000000fd500000, 0x00000000fd600000|  0%| F|  |TAMS 0x00000000fd500000| PB 0x00000000fd500000| Untracked 
|  22|0x00000000fd600000, 0x00000000fd600000, 0x00000000fd700000|  0%| F|  |TAMS 0x00000000fd600000| PB 0x00000000fd600000| Untracked 
|  23|0x00000000fd700000, 0x00000000fd700000, 0x00000000fd800000|  0%| F|  |TAMS 0x00000000fd700000| PB 0x00000000fd700000| Untracked 
|  24|0x00000000fd800000, 0x00000000fd900000, 0x00000000fd900000|100%| S|CS|TAMS 0x00000000fd800000| PB 0x00000000fd800000| Complete 
|  25|0x00000000fd900000, 0x00000000fda00000, 0x00000000fda00000|100%| S|CS|TAMS 0x00000000fd900000| PB 0x00000000fd900000| Complete 
|  26|0x00000000fda00000, 0x00000000fdb00000, 0x00000000fdb00000|100%| S|CS|TAMS 0x00000000fda00000| PB 0x00000000fda00000| Complete 
|  27|0x00000000fdb00000, 0x00000000fdc00000, 0x00000000fdc00000|100%| S|CS|TAMS 0x00000000fdb00000| PB 0x00000000fdb00000| Complete 
|  28|0x00000000fdc00000, 0x00000000fdd00000, 0x00000000fdd00000|100%| S|CS|TAMS 0x00000000fdc00000| PB 0x00000000fdc00000| Complete 
|  29|0x00000000fdd00000, 0x00000000fdd00000, 0x00000000fde00000|  0%| F|  |TAMS 0x00000000fdd00000| PB 0x00000000fdd00000| Untracked 
|  30|0x00000000fde00000, 0x00000000fde00000, 0x00000000fdf00000|  0%| F|  |TAMS 0x00000000fde00000| PB 0x00000000fde00000| Untracked 
|  31|0x00000000fdf00000, 0x00000000fdf00000, 0x00000000fe000000|  0%| F|  |TAMS 0x00000000fdf00000| PB 0x00000000fdf00000| Untracked 
|  32|0x00000000fe000000, 0x00000000fe000000, 0x00000000fe100000|  0%| F|  |TAMS 0x00000000fe000000| PB 0x00000000fe000000| Untracked 
|  33|0x00000000fe100000, 0x00000000fe100000, 0x00000000fe200000|  0%| F|  |TAMS 0x00000000fe100000| PB 0x00000000fe100000| Untracked 
|  34|0x00000000fe200000, 0x00000000fe200000, 0x00000000fe300000|  0%| F|  |TAMS 0x00000000fe200000| PB 0x00000000fe200000| Untracked 
|  35|0x00000000fe300000, 0x00000000fe300000, 0x00000000fe400000|  0%| F|  |TAMS 0x00000000fe300000| PB 0x00000000fe300000| Untracked 
|  36|0x00000000fe400000, 0x00000000fe400000, 0x00000000fe500000|  0%| F|  |TAMS 0x00000000fe400000| PB 0x00000000fe400000| Untracked 
|  37|0x00000000fe500000, 0x00000000fe500000, 0x00000000fe600000|  0%| F|  |TAMS 0x00000000fe500000| PB 0x00000000fe500000| Untracked 
|  38|0x00000000fe600000, 0x00000000fe600000, 0x00000000fe700000|  0%| F|  |TAMS 0x00000000fe600000| PB 0x00000000fe600000| Untracked 
|  39|0x00000000fe700000, 0x00000000fe700000, 0x00000000fe800000|  0%| F|  |TAMS 0x00000000fe700000| PB 0x00000000fe700000| Untracked 
|  40|0x00000000fe800000, 0x00000000fe800000, 0x00000000fe900000|  0%| F|  |TAMS 0x00000000fe800000| PB 0x00000000fe800000| Untracked 
|  41|0x00000000fe900000, 0x00000000fe900000, 0x00000000fea00000|  0%| F|  |TAMS 0x00000000fe900000| PB 0x00000000fe900000| Untracked 
|  42|0x00000000fea00000, 0x00000000fea00000, 0x00000000feb00000|  0%| F|  |TAMS 0x00000000fea00000| PB 0x00000000fea00000| Untracked 
|  43|0x00000000feb00000, 0x00000000feb00000, 0x00000000fec00000|  0%| F|  |TAMS 0x00000000feb00000| PB 0x00000000feb00000| Untracked 
|  44|0x00000000fec00000, 0x00000000fec00000, 0x00000000fed00000|  0%| F|  |TAMS 0x00000000fec00000| PB 0x00000000fec00000| Untracked 
|  45|0x00000000fed00000, 0x00000000fed00000, 0x00000000fee00000|  0%| F|  |TAMS 0x00000000fed00000| PB 0x00000000fed00000| Untracked 
|  46|0x00000000fee00000, 0x00000000fee00000, 0x00000000fef00000|  0%| F|  |TAMS 0x00000000fee00000| PB 0x00000000fee00000| Untracked 
|  47|0x00000000fef00000, 0x00000000fef00000, 0x00000000ff000000|  0%| F|  |TAMS 0x00000000fef00000| PB 0x00000000fef00000| Untracked 
|  48|0x00000000ff000000, 0x00000000ff000000, 0x00000000ff100000|  0%| F|  |TAMS 0x00000000ff000000| PB 0x00000000ff000000| Untracked 
|  49|0x00000000ff100000, 0x00000000ff100000, 0x00000000ff200000|  0%| F|  |TAMS 0x00000000ff100000| PB 0x00000000ff100000| Untracked 
|  50|0x00000000ff200000, 0x00000000ff200000, 0x00000000ff300000|  0%| F|  |TAMS 0x00000000ff200000| PB 0x00000000ff200000| Untracked 
|  51|0x00000000ff300000, 0x00000000ff300000, 0x00000000ff400000|  0%| F|  |TAMS 0x00000000ff300000| PB 0x00000000ff300000| Untracked 
|  52|0x00000000ff400000, 0x00000000ff400000, 0x00000000ff500000|  0%| F|  |TAMS 0x00000000ff400000| PB 0x00000000ff400000| Untracked 
|  53|0x00000000ff500000, 0x00000000ff500000, 0x00000000ff600000|  0%| F|  |TAMS 0x00000000ff500000| PB 0x00000000ff500000| Untracked 
|  54|0x00000000ff600000, 0x00000000ff600000, 0x00000000ff700000|  0%| F|  |TAMS 0x00000000ff600000| PB 0x00000000ff600000| Untracked 
|  55|0x00000000ff700000, 0x00000000ff7be0c0, 0x00000000ff800000| 74%| E|  |TAMS 0x00000000ff700000| PB 0x00000000ff700000| Complete 
|  56|0x00000000ff800000, 0x00000000ff900000, 0x00000000ff900000|100%| E|CS|TAMS 0x00000000ff800000| PB 0x00000000ff800000| Complete 
|  57|0x00000000ff900000, 0x00000000ffa00000, 0x00000000ffa00000|100%| E|CS|TAMS 0x00000000ff900000| PB 0x00000000ff900000| Complete 
|  58|0x00000000ffa00000, 0x00000000ffb00000, 0x00000000ffb00000|100%| E|CS|TAMS 0x00000000ffa00000| PB 0x00000000ffa00000| Complete 
|  59|0x00000000ffb00000, 0x00000000ffc00000, 0x00000000ffc00000|100%| E|CS|TAMS 0x00000000ffb00000| PB 0x00000000ffb00000| Complete 
|  60|0x00000000ffc00000, 0x00000000ffd00000, 0x00000000ffd00000|100%| E|CS|TAMS 0x00000000ffc00000| PB 0x00000000ffc00000| Complete 
|  61|0x00000000ffd00000, 0x00000000ffe00000, 0x00000000ffe00000|100%| E|CS|TAMS 0x00000000ffd00000| PB 0x00000000ffd00000| Complete 
|  62|0x00000000ffe00000, 0x00000000fff00000, 0x00000000fff00000|100%| E|CS|TAMS 0x00000000ffe00000| PB 0x00000000ffe00000| Complete 
|  63|0x00000000fff00000, 0x0000000100000000, 0x0000000100000000|100%| E|CS|TAMS 0x00000000fff00000| PB 0x00000000fff00000| Complete 

Card table byte_map: [0x0000022757cf0000,0x0000022757d10000] _byte_map_base: 0x0000022757510000

Marking Bits: (CMBitMap*) 0x0000022759d04770
 Bits: [0x00000227716e0000, 0x00000227717e0000)

Polling page: 0x0000022757ca0000

Metaspace:

Usage:
  Non-class:      8.27 MB used.
      Class:      1.20 MB used.
       Both:      9.47 MB used.

Virtual space:
  Non-class space:       64.00 MB reserved,       8.44 MB ( 13%) committed,  1 nodes.
      Class space:        1.00 GB reserved,       1.31 MB ( <1%) committed,  1 nodes.
             Both:        1.06 GB reserved,       9.75 MB ( <1%) committed. 

Chunk freelists:
   Non-Class:  7.45 MB
       Class:  14.72 MB
        Both:  22.17 MB

MaxMetaspaceSize: unlimited
CompressedClassSpaceSize: 1.00 GB
Initial GC threshold: 21.00 MB
Current GC threshold: 21.00 MB
CDS: on
 - commit_granule_bytes: 65536.
 - commit_granule_words: 8192.
 - virtual_space_node_default_size: 8388608.
 - enlarge_chunks_in_place: 1.
 - use_allocation_guard: 0.


Internal statistics:

num_allocs_failed_limit: 0.
num_arena_births: 224.
num_arena_deaths: 0.
num_vsnodes_births: 2.
num_vsnodes_deaths: 0.
num_space_committed: 156.
num_space_uncommitted: 0.
num_chunks_returned_to_freelist: 0.
num_chunks_taken_from_freelist: 516.
num_chunk_merges: 0.
num_chunk_splits: 325.
num_chunks_enlarged: 237.
num_inconsistent_stats: 0.

CodeHeap 'non-profiled nmethods': size=120000Kb used=943Kb max_used=943Kb free=119056Kb
 bounds [0x0000022769c60000, 0x0000022769ed0000, 0x0000022771190000]
CodeHeap 'profiled nmethods': size=120000Kb used=3955Kb max_used=3955Kb free=116044Kb
 bounds [0x0000022762190000, 0x0000022762570000, 0x00000227696c0000]
CodeHeap 'non-nmethods': size=5760Kb used=1391Kb max_used=1415Kb free=4368Kb
 bounds [0x00000227696c0000, 0x0000022769930000, 0x0000022769c60000]
 total_blobs=2605 nmethods=2114 adapters=396
 compilation: enabled
              stopped_count=0, restarted_count=0
 full_count=0

Compilation events (20 events):
Event: 84.730 Thread 0x00000227743c7500 nmethod 2111 0x0000022769d4a410 code [0x0000022769d4a5c0, 0x0000022769d4a9f8]
Event: 85.426 Thread 0x00000227743c7500 2112       4       org.gradle.internal.logging.console.DefaultRedrawableLabel::redraw (163 bytes)
Event: 85.465 Thread 0x00000227743c7500 nmethod 2112 0x0000022769d4ab90 code [0x0000022769d4ad60, 0x0000022769d4b0e0]
Event: 89.436 Thread 0x00000227743c84f0 2113       3       org.gradle.internal.logging.console.ProgressBar::fill (34 bytes)
Event: 89.436 Thread 0x00000227743c84f0 nmethod 2113 0x000002276256b390 code [0x000002276256b540, 0x000002276256b830]
Event: 101.939 Thread 0x00000227743c7500 2114       4       java.util.HashMap$HashIterator::hasNext (13 bytes)
Event: 102.001 Thread 0x00000227743c7500 nmethod 2114 0x0000022769d4b310 code [0x0000022769d4b4a0, 0x0000022769d4b530]
Event: 102.453 Thread 0x00000227743c84f0 2115       3       com.google.common.collect.RegularImmutableList::size (6 bytes)
Event: 102.661 Thread 0x00000227743c84f0 nmethod 2115 0x000002276256b990 code [0x000002276256bb20, 0x000002276256bc38]
Event: 102.661 Thread 0x00000227743c84f0 2116       3       org.gradle.internal.logging.console.DefaultColorMap::getColor (38 bytes)
Event: 102.662 Thread 0x00000227743c84f0 nmethod 2116 0x000002276256bd10 code [0x000002276256bf00, 0x000002276256c360]
Event: 102.662 Thread 0x00000227743c84f0 2117       3       org.gradle.internal.logging.console.DefaultAnsiExecutor::access$200 (7 bytes)
Event: 102.663 Thread 0x00000227743c84f0 nmethod 2117 0x000002276256c490 code [0x000002276256c640, 0x000002276256c860]
Event: 102.663 Thread 0x00000227743c84f0 2118       3       org.gradle.internal.logging.console.DefaultAnsiExecutor::charactersWritten (22 bytes)
Event: 102.664 Thread 0x00000227743c84f0 nmethod 2118 0x000002276256c990 code [0x000002276256cb40, 0x000002276256cd18]
Event: 104.940 Thread 0x00000227743c7500 2119       4       java.util.LinkedHashMap$LinkedValueIterator::next (8 bytes)
Event: 104.951 Thread 0x00000227743c7500 nmethod 2119 0x0000022769d4b610 code [0x0000022769d4b7a0, 0x0000022769d4ba78]
Event: 105.434 Thread 0x00000227743c7500 2120       4       java.util.ArrayList::iterator (9 bytes)
Event: 105.439 Thread 0x00000227743c7500 nmethod 2120 0x0000022769d4bb90 code [0x0000022769d4bd20, 0x0000022769d4be28]
Event: 109.047 Thread 0x00000227743c7500 2121       4       org.gradle.internal.logging.console.ThrottlingOutputEventListener::renderNow (40 bytes)

GC Heap History (4 events):
Event: 0.340 GC heap before
{Heap before GC invocations=0 (full 0):
 garbage-first heap   total 65536K, used 23552K [0x00000000fc000000, 0x0000000100000000)
  region size 1024K, 23 young (23552K), 0 survivors (0K)
 Metaspace       used 1637K, committed 1792K, reserved 1114112K
  class space    used 147K, committed 256K, reserved 1048576K
}
Event: 0.343 GC heap after
{Heap after GC invocations=1 (full 0):
 garbage-first heap   total 65536K, used 1856K [0x00000000fc000000, 0x0000000100000000)
  region size 1024K, 2 young (2048K), 2 survivors (2048K)
 Metaspace       used 1637K, committed 1792K, reserved 1114112K
  class space    used 147K, committed 256K, reserved 1048576K
}
Event: 1.166 GC heap before
{Heap before GC invocations=1 (full 0):
 garbage-first heap   total 65536K, used 37696K [0x00000000fc000000, 0x0000000100000000)
  region size 1024K, 35 young (35840K), 2 survivors (2048K)
 Metaspace       used 8810K, committed 9088K, reserved 1114112K
  class space    used 1161K, committed 1280K, reserved 1048576K
}
Event: 1.171 GC heap after
{Heap after GC invocations=2 (full 0):
 garbage-first heap   total 65536K, used 11264K [0x00000000fc000000, 0x0000000100000000)
  region size 1024K, 5 young (5120K), 5 survivors (5120K)
 Metaspace       used 8810K, committed 9088K, reserved 1114112K
  class space    used 1161K, committed 1280K, reserved 1048576K
}

Dll operation events (13 events):
Event: 0.009 Loaded shared library C:\Program Files\Java\jdk-21\bin\java.dll
Event: 0.032 Loaded shared library C:\Program Files\Java\jdk-21\bin\jsvml.dll
Event: 0.044 Loaded shared library C:\Program Files\Java\jdk-21\bin\net.dll
Event: 0.045 Loaded shared library C:\Program Files\Java\jdk-21\bin\nio.dll
Event: 0.047 Loaded shared library C:\Program Files\Java\jdk-21\bin\zip.dll
Event: 0.325 Loaded shared library C:\Program Files\Java\jdk-21\bin\jimage.dll
Event: 0.551 Loaded shared library C:\Program Files\Java\jdk-21\bin\management.dll
Event: 0.557 Loaded shared library C:\Program Files\Java\jdk-21\bin\management_ext.dll
Event: 0.580 Loaded shared library C:\Program Files\Java\jdk-21\bin\verify.dll
Event: 0.587 Loaded shared library C:\Users\Arjun\.gradle\native\1def1411415f61bf3af743bc5b6707747c0891f09f0c88961ee8f79bc544acac\windows-amd64\native-platform.dll
Event: 0.611 Loaded shared library C:\Users\Arjun\.gradle\native\jansi\1.18\windows64\jansi.dll
Event: 0.835 Loaded shared library C:\Program Files\Java\jdk-21\bin\extnet.dll
Event: 1.182 Loaded shared library C:\Program Files\Java\jdk-21\bin\sunmscapi.dll

Deoptimization events (20 events):
Event: 1.189 Thread 0x0000022757a1dfa0 Uncommon trap: trap_request=0xffffffde fr.pc=0x0000022769c9f624 relative=0x0000000000000084
Event: 1.189 Thread 0x0000022757a1dfa0 Uncommon trap: reason=class_check action=maybe_recompile pc=0x0000022769c9f624 method=java.util.AbstractList$Itr.hasNext()Z @ 8 c2
Event: 1.189 Thread 0x0000022757a1dfa0 DEOPT PACKING pc=0x0000022769c9f624 sp=0x000000bf97cfce50
Event: 1.189 Thread 0x0000022757a1dfa0 DEOPT UNPACKING pc=0x00000227697146a2 sp=0x000000bf97cfcde8 mode 2
Event: 1.189 Thread 0x0000022757a1dfa0 Uncommon trap: trap_request=0xffffffde fr.pc=0x0000022769ca0074 relative=0x00000000000000d4
Event: 1.189 Thread 0x0000022757a1dfa0 Uncommon trap: reason=class_check action=maybe_recompile pc=0x0000022769ca0074 method=java.util.AbstractList$Itr.next()Ljava/lang/Object; @ 14 c2
Event: 1.189 Thread 0x0000022757a1dfa0 DEOPT PACKING pc=0x0000022769ca0074 sp=0x000000bf97cfce40
Event: 1.189 Thread 0x0000022757a1dfa0 DEOPT UNPACKING pc=0x00000227697146a2 sp=0x000000bf97cfcdd8 mode 2
Event: 1.193 Thread 0x0000022757a1dfa0 Uncommon trap: trap_request=0xffffff45 fr.pc=0x0000022769ccd380 relative=0x0000000000000780
Event: 1.193 Thread 0x0000022757a1dfa0 Uncommon trap: reason=unstable_if action=reinterpret pc=0x0000022769ccd380 method=java.lang.Integer.stringSize(I)I @ 19 c2
Event: 1.193 Thread 0x0000022757a1dfa0 DEOPT PACKING pc=0x0000022769ccd380 sp=0x000000bf97cfd840
Event: 1.193 Thread 0x0000022757a1dfa0 DEOPT UNPACKING pc=0x00000227697146a2 sp=0x000000bf97cfd798 mode 2
Event: 1.204 Thread 0x0000022757a1dfa0 Uncommon trap: trap_request=0xffffffde fr.pc=0x0000022769c9f624 relative=0x0000000000000084
Event: 1.204 Thread 0x0000022757a1dfa0 Uncommon trap: reason=class_check action=maybe_recompile pc=0x0000022769c9f624 method=java.util.AbstractList$Itr.hasNext()Z @ 8 c2
Event: 1.204 Thread 0x0000022757a1dfa0 DEOPT PACKING pc=0x0000022769c9f624 sp=0x000000bf97cfde10
Event: 1.204 Thread 0x0000022757a1dfa0 DEOPT UNPACKING pc=0x00000227697146a2 sp=0x000000bf97cfdda8 mode 2
Event: 1.241 Thread 0x0000022779ac1b70 Uncommon trap: trap_request=0xffffffde fr.pc=0x0000022769ca0074 relative=0x00000000000000d4
Event: 1.241 Thread 0x0000022779ac1b70 Uncommon trap: reason=class_check action=maybe_recompile pc=0x0000022769ca0074 method=java.util.AbstractList$Itr.next()Ljava/lang/Object; @ 14 c2
Event: 1.241 Thread 0x0000022779ac1b70 DEOPT PACKING pc=0x0000022769ca0074 sp=0x000000bf992fece0
Event: 1.241 Thread 0x0000022779ac1b70 DEOPT UNPACKING pc=0x00000227697146a2 sp=0x000000bf992fec78 mode 2

Classes loaded (20 events):
Event: 1.197 Loading class sun/nio/ch/SelectionKeyImpl
Event: 1.197 Loading class java/nio/channels/spi/AbstractSelectionKey
Event: 1.197 Loading class java/nio/channels/SelectionKey
Event: 1.197 Loading class java/nio/channels/SelectionKey done
Event: 1.197 Loading class java/nio/channels/spi/AbstractSelectionKey done
Event: 1.197 Loading class sun/nio/ch/SelectionKeyImpl done
Event: 1.197 Loading class java/lang/invoke/ConstantBootstraps
Event: 1.197 Loading class java/lang/invoke/ConstantBootstraps done
Event: 1.204 Loading class java/nio/channels/spi/AbstractSelector$1
Event: 1.204 Loading class java/nio/channels/spi/AbstractSelector$1 done
Event: 1.241 Loading class java/util/AbstractList$ListItr
Event: 1.241 Loading class java/util/AbstractList$ListItr done
Event: 1.242 Loading class jdk/internal/foreign/MemorySessionImpl
Event: 1.242 Loading class java/lang/foreign/MemorySegment$Scope
Event: 1.242 Loading class java/lang/foreign/MemorySegment$Scope done
Event: 1.242 Loading class jdk/internal/foreign/MemorySessionImpl done
Event: 1.247 Loading class java/util/concurrent/Executors$AutoShutdownDelegatedExecutorService
Event: 1.247 Loading class java/util/concurrent/Executors$AutoShutdownDelegatedExecutorService done
Event: 5.128 Loading class java/lang/invoke/MethodHandle$1
Event: 5.128 Loading class java/lang/invoke/MethodHandle$1 done

Classes unloaded (0 events):
No events

Classes redefined (0 events):
No events

Internal exceptions (20 events):
Event: 0.108 Thread 0x0000022757a1dfa0 Exception <a 'java/lang/NoSuchMethodError'{0x00000000ffc390e0}: 'void java.lang.invoke.DirectMethodHandle$Holder.invokeSpecial(java.lang.Object, java.lang.Object, java.lang.Object)'> (0x00000000ffc390e0) 
thrown [s\open\src\hotspot\share\interpreter\linkResolver.cpp, line 773]
Event: 0.116 Thread 0x0000022757a1dfa0 Exception <a 'java/lang/NoSuchMethodError'{0x00000000ffc8bcc8}: 'int java.lang.invoke.DirectMethodHandle$Holder.invokeStaticInit(java.lang.Object, java.lang.Object)'> (0x00000000ffc8bcc8) 
thrown [s\open\src\hotspot\share\interpreter\linkResolver.cpp, line 773]
Event: 0.457 Thread 0x0000022757a1dfa0 Exception <a 'java/lang/NoSuchMethodError'{0x00000000ff6897f0}: 'java.lang.Object java.lang.invoke.DirectMethodHandle$Holder.invokeVirtual(java.lang.Object, java.lang.Object, java.lang.Object)'> (0x00000000ff6897f0) 
thrown [s\open\src\hotspot\share\interpreter\linkResolver.cpp, line 773]
Event: 0.561 Thread 0x0000022757a1dfa0 Exception <a 'java/lang/NoSuchMethodError'{0x00000000ff004468}: 'int java.lang.invoke.DirectMethodHandle$Holder.invokeSpecial(java.lang.Object, java.lang.Object, java.lang.Object)'> (0x00000000ff004468) 
thrown [s\open\src\hotspot\share\interpreter\linkResolver.cpp, line 773]
Event: 0.565 Thread 0x0000022757a1dfa0 Implicit null exception at 0x0000022769ccb23c to 0x0000022769ccb878
Event: 0.594 Thread 0x0000022757a1dfa0 Exception <a 'java/lang/NoSuchMethodError'{0x00000000fee150a8}: 'java.lang.Object java.lang.invoke.DirectMethodHandle$Holder.invokeStatic(java.lang.Object, java.lang.Object, int)'> (0x00000000fee150a8) 
thrown [s\open\src\hotspot\share\interpreter\linkResolver.cpp, line 773]
Event: 0.594 Thread 0x0000022757a1dfa0 Exception <a 'java/lang/NoSuchMethodError'{0x00000000fee20528}: 'void java.lang.invoke.DelegatingMethodHandle$Holder.delegate(java.lang.Object, java.lang.Object, int, java.lang.Object)'> (0x00000000fee20528) 
thrown [s\open\src\hotspot\share\interpreter\linkResolver.cpp, line 773]
Event: 0.650 Thread 0x0000022757a1dfa0 Exception <a 'java/lang/NoSuchMethodError'{0x00000000fea3e378}: 'java.lang.Object java.lang.invoke.DirectMethodHandle$Holder.newInvokeSpecial(java.lang.Object, java.lang.Object, java.lang.Object, java.lang.Object, java.lang.Object)'> (0x00000000fea3e378) 
thrown [s\open\src\hotspot\share\interpreter\linkResolver.cpp, line 773]
Event: 0.654 Thread 0x0000022757a1dfa0 Exception <a 'java/lang/NoSuchMethodError'{0x00000000feaa1b10}: 'java.lang.Object java.lang.invoke.Invokers$Holder.invokeExact_MT(java.lang.Object, java.lang.Object, java.lang.Object, java.lang.Object, java.lang.Object)'> (0x00000000feaa1b10) 
thrown [s\open\src\hotspot\share\interpreter\linkResolver.cpp, line 773]
Event: 0.658 Thread 0x0000022757a1dfa0 Exception <a 'java/lang/NoSuchMethodError'{0x00000000fead4a98}: 'java.lang.Object java.lang.invoke.DirectMethodHandle$Holder.invokeVirtual(java.lang.Object, java.lang.Object, java.lang.Object, java.lang.Object, java.lang.Object, java.lang.Object, java.lang.Object)'> (0x00000000fead4a98) 
thrown [s\open\src\hotspot\share\interpreter\linkResolver.cpp, line 773]
Event: 0.662 Thread 0x0000022757a1dfa0 Exception <a 'java/lang/NoSuchMethodError'{0x00000000fe9198e8}: 'java.lang.Object java.lang.invoke.DirectMethodHandle$Holder.invokeVirtual(java.lang.Object, java.lang.Object, java.lang.Object, java.lang.Object)'> (0x00000000fe9198e8) 
thrown [s\open\src\hotspot\share\interpreter\linkResolver.cpp, line 773]
Event: 0.837 Thread 0x0000022757a1dfa0 Exception <a 'java/lang/NoSuchMethodError'{0x00000000fe5e46a8}: 'void java.lang.invoke.DirectMethodHandle$Holder.invokeStatic(java.lang.Object, java.lang.Object, java.lang.Object)'> (0x00000000fe5e46a8) 
thrown [s\open\src\hotspot\share\interpreter\linkResolver.cpp, line 773]
Event: 0.846 Thread 0x0000022757a1dfa0 Exception <a 'java/lang/NoSuchMethodError'{0x00000000fe477b50}: 'java.lang.Object java.lang.invoke.DirectMethodHandle$Holder.invokeVirtual(java.lang.Object, java.lang.Object, java.lang.Object, java.lang.Object, java.lang.Object)'> (0x00000000fe477b50) 
thrown [s\open\src\hotspot\share\interpreter\linkResolver.cpp, line 773]
Event: 0.847 Thread 0x0000022757a1dfa0 Exception <a 'java/lang/NoSuchMethodError'{0x00000000fe48a790}: 'java.lang.Object java.lang.invoke.Invokers$Holder.invokeExact_MT(java.lang.Object, java.lang.Object, java.lang.Object, java.lang.Object, java.lang.Object, java.lang.Object)'> (0x00000000fe48a790) 
thrown [s\open\src\hotspot\share\interpreter\linkResolver.cpp, line 773]
Event: 0.883 Thread 0x0000022757a1dfa0 Exception <a 'java/lang/NoSuchMethodError'{0x00000000fe291d78}: 'java.lang.Object java.lang.invoke.DirectMethodHandle$Holder.invokeVirtual(java.lang.Object, java.lang.Object, java.lang.Object, java.lang.Object, java.lang.Object, java.lang.Object, java.lang.Object, java.lang.Object, java.lang.Object)'> (0x00000000fe291d78) 
thrown [s\open\src\hotspot\share\interpreter\linkResolver.cpp, line 773]
Event: 0.918 Thread 0x0000022757a1dfa0 Exception <a 'java/lang/NoSuchMethodError'{0x00000000fe0da0d8}: 'java.lang.Object java.lang.invoke.DirectMethodHandle$Holder.invokeVirtual(java.lang.Object, java.lang.Object, java.lang.Object, java.lang.Object, java.lang.Object, java.lang.Object, java.lang.Object, java.lang.Object)'> (0x00000000fe0da0d8) 
thrown [s\open\src\hotspot\share\interpreter\linkResolver.cpp, line 773]
Event: 0.930 Thread 0x0000022757a1dfa0 Exception <a 'java/lang/NoSuchMethodError'{0x00000000fdf67720}: 'java.lang.Object java.lang.invoke.DirectMethodHandle$Holder.invokeStaticInit(java.lang.Object, int, int, int, int)'> (0x00000000fdf67720) 
thrown [s\open\src\hotspot\share\interpreter\linkResolver.cpp, line 773]
Event: 1.107 Thread 0x0000022757a1dfa0 Exception <a 'java/lang/NoSuchMethodError'{0x00000000fde306e0}: 'java.lang.Object java.lang.invoke.DirectMethodHandle$Holder.invokeStaticInit(java.lang.Object, java.lang.Object, int, int, int, int)'> (0x00000000fde306e0) 
thrown [s\open\src\hotspot\share\interpreter\linkResolver.cpp, line 773]
Event: 1.127 Thread 0x0000022757a1dfa0 Implicit null exception at 0x0000022769ca93a4 to 0x0000022769ca99f8
Event: 1.129 Thread 0x0000022757a1dfa0 Exception <a 'java/lang/NoSuchMethodError'{0x00000000fdd0b608}: 'void java.lang.invoke.DirectMethodHandle$Holder.invokeInterface(java.lang.Object, java.lang.Object, java.lang.Object)'> (0x00000000fdd0b608) 
thrown [s\open\src\hotspot\share\interpreter\linkResolver.cpp, line 773]

ZGC Phase Switch (0 events):
No events

VM Operations (20 events):
Event: 55.735 Executing VM operation: Cleanup
Event: 55.735 Executing VM operation: Cleanup done
Event: 60.110 Executing VM operation: HandshakeAllThreads (HandshakeForDeflation)
Event: 60.110 Executing VM operation: HandshakeAllThreads (HandshakeForDeflation) done
Event: 60.110 Executing VM operation: RendezvousGCThreads
Event: 60.110 Executing VM operation: RendezvousGCThreads done
Event: 65.161 Executing VM operation: Cleanup
Event: 65.161 Executing VM operation: Cleanup done
Event: 74.255 Executing VM operation: Cleanup
Event: 74.255 Executing VM operation: Cleanup done
Event: 78.302 Executing VM operation: Cleanup
Event: 78.302 Executing VM operation: Cleanup done
Event: 86.394 Executing VM operation: Cleanup
Event: 86.394 Executing VM operation: Cleanup done
Event: 102.599 Executing VM operation: Cleanup
Event: 102.655 Executing VM operation: Cleanup done
Event: 103.666 Executing VM operation: Cleanup
Event: 103.667 Executing VM operation: Cleanup done
Event: 105.682 Executing VM operation: Cleanup
Event: 105.682 Executing VM operation: Cleanup done

Events (14 events):
Event: 0.018 Thread 0x0000022757a1dfa0 Thread added: 0x0000022757a1dfa0
Event: 0.031 Thread 0x00000227743b46f0 Thread added: 0x00000227743b46f0
Event: 0.031 Thread 0x00000227743b5f10 Thread added: 0x00000227743b5f10
Event: 0.031 Thread 0x00000227743b9b30 Thread added: 0x00000227743b9b30
Event: 0.031 Thread 0x00000227743baea0 Thread added: 0x00000227743baea0
Event: 0.031 Thread 0x00000227743c1cc0 Thread added: 0x00000227743c1cc0
Event: 0.031 Thread 0x00000227743c2ac0 Thread added: 0x00000227743c2ac0
Event: 0.031 Thread 0x00000227743c7500 Thread added: 0x00000227743c7500
Event: 0.031 Thread 0x00000227743c84f0 Thread added: 0x00000227743c84f0
Event: 0.040 Thread 0x0000022774649a00 Thread added: 0x0000022774649a00
Event: 0.041 Thread 0x0000022774650c50 Thread added: 0x0000022774650c50
Event: 0.220 Thread 0x0000022774721220 Thread added: 0x0000022774721220
Event: 0.626 Thread 0x0000022779ac1b70 Thread added: 0x0000022779ac1b70
Event: 0.822 Thread 0x0000022774721220 Thread exited: 0x0000022774721220


Dynamic libraries:
0x00007ff6ceca0000 - 0x00007ff6cecb0000 	C:\Program Files\Java\jdk-21\bin\java.exe
0x00007ffb5f540000 - 0x00007ffb5f749000 	C:\windows\SYSTEM32\ntdll.dll
0x00007ffb5df10000 - 0x00007ffb5dfce000 	C:\windows\System32\KERNEL32.DLL
0x00007ffb5cd20000 - 0x00007ffb5d09c000 	C:\windows\System32\KERNELBASE.dll
0x00007ffb5cc00000 - 0x00007ffb5cd11000 	C:\windows\System32\ucrtbase.dll
0x00007ffb55960000 - 0x00007ffb55979000 	C:\Program Files\Java\jdk-21\bin\jli.dll
0x00007ffb10bc0000 - 0x00007ffb10bdb000 	C:\Program Files\Java\jdk-21\bin\VCRUNTIME140.dll
0x00007ffb5d930000 - 0x00007ffb5d9de000 	C:\windows\System32\ADVAPI32.dll
0x00007ffb5d670000 - 0x00007ffb5d713000 	C:\windows\System32\msvcrt.dll
0x00007ffb5f2b0000 - 0x00007ffb5f34e000 	C:\windows\System32\sechost.dll
0x00007ffb5f3b0000 - 0x00007ffb5f4d0000 	C:\windows\System32\RPCRT4.dll
0x00007ffb5dfd0000 - 0x00007ffb5e17d000 	C:\windows\System32\USER32.dll
0x00007ffb5d160000 - 0x00007ffb5d186000 	C:\windows\System32\win32u.dll
0x00007ffb3ca80000 - 0x00007ffb3cd25000 	C:\windows\WinSxS\amd64_microsoft.windows.common-controls_6595b64144ccf1df_6.0.22000.120_none_9d947278b86cc467\COMCTL32.dll
0x00007ffb5f4d0000 - 0x00007ffb5f4f9000 	C:\windows\System32\GDI32.dll
0x00007ffb5d230000 - 0x00007ffb5d348000 	C:\windows\System32\gdi32full.dll
0x00007ffb5d190000 - 0x00007ffb5d22d000 	C:\windows\System32\msvcp_win.dll
0x00007ffb5a850000 - 0x00007ffb5a85a000 	C:\windows\SYSTEM32\VERSION.dll
0x00007ffb5d780000 - 0x00007ffb5d7b1000 	C:\windows\System32\IMM32.DLL
0x00007ffb58d90000 - 0x00007ffb58d9c000 	C:\Program Files\Java\jdk-21\bin\vcruntime140_1.dll
0x00007ffb0f280000 - 0x00007ffb0f30e000 	C:\Program Files\Java\jdk-21\bin\msvcp140.dll
0x00007ffac89e0000 - 0x00007ffac96fa000 	C:\Program Files\Java\jdk-21\bin\server\jvm.dll
0x00007ffb5c8e0000 - 0x00007ffb5c92d000 	C:\windows\SYSTEM32\POWRPROF.dll
0x00007ffb5db00000 - 0x00007ffb5db6f000 	C:\windows\System32\WS2_32.dll
0x00007ffb55dd0000 - 0x00007ffb55e03000 	C:\windows\SYSTEM32\WINMM.dll
0x00007ffb5c8c0000 - 0x00007ffb5c8d3000 	C:\windows\SYSTEM32\UMPDC.dll
0x00007ffb5ba50000 - 0x00007ffb5ba68000 	C:\windows\SYSTEM32\kernel.appcore.dll
0x00007ffb1aa80000 - 0x00007ffb1aa8a000 	C:\Program Files\Java\jdk-21\bin\jimage.dll
0x00007ffb4de90000 - 0x00007ffb4e0b1000 	C:\windows\SYSTEM32\DBGHELP.DLL
0x00007ffb3a440000 - 0x00007ffb3a471000 	C:\windows\SYSTEM32\dbgcore.DLL
0x00007ffb5cb80000 - 0x00007ffb5cbff000 	C:\windows\System32\bcryptPrimitives.dll
0x00007ffb10ba0000 - 0x00007ffb10bbf000 	C:\Program Files\Java\jdk-21\bin\java.dll
0x00007ffb5e270000 - 0x00007ffb5ea35000 	C:\windows\System32\SHELL32.dll
0x00007ffb5aac0000 - 0x00007ffb5b325000 	C:\windows\SYSTEM32\windows.storage.dll
0x00007ffb5ef30000 - 0x00007ffb5f2a6000 	C:\windows\System32\combase.dll
0x00007ffb5a950000 - 0x00007ffb5aab6000 	C:\windows\SYSTEM32\wintypes.dll
0x00007ffb5d3c0000 - 0x00007ffb5d4aa000 	C:\windows\System32\SHCORE.dll
0x00007ffb5dbf0000 - 0x00007ffb5dc4d000 	C:\windows\System32\shlwapi.dll
0x00007ffb5c940000 - 0x00007ffb5c961000 	C:\windows\SYSTEM32\profapi.dll
0x00007ffb0ed40000 - 0x00007ffb0ee17000 	C:\Program Files\Java\jdk-21\bin\jsvml.dll
0x00007ffb1a0d0000 - 0x00007ffb1a0e0000 	C:\Program Files\Java\jdk-21\bin\net.dll
0x00007ffb56970000 - 0x00007ffb56a82000 	C:\windows\SYSTEM32\WINHTTP.dll
0x00007ffb5bef0000 - 0x00007ffb5bf57000 	C:\windows\system32\mswsock.dll
0x00007ffb10b80000 - 0x00007ffb10b96000 	C:\Program Files\Java\jdk-21\bin\nio.dll
0x00007ffb10550000 - 0x00007ffb10568000 	C:\Program Files\Java\jdk-21\bin\zip.dll
0x00007ffb19ec0000 - 0x00007ffb19eca000 	C:\Program Files\Java\jdk-21\bin\management.dll
0x00007ffb19e80000 - 0x00007ffb19e8b000 	C:\Program Files\Java\jdk-21\bin\management_ext.dll
0x00007ffb5ea50000 - 0x00007ffb5ea58000 	C:\windows\System32\PSAPI.DLL
0x00007ffb17fd0000 - 0x00007ffb17fe0000 	C:\Program Files\Java\jdk-21\bin\verify.dll
0x00007ffb1a2e0000 - 0x00007ffb1a307000 	C:\Users\Arjun\.gradle\native\1def1411415f61bf3af743bc5b6707747c0891f09f0c88961ee8f79bc544acac\windows-amd64\native-platform.dll
0x00007ffb5a640000 - 0x00007ffb5a64a000 	C:\Users\Arjun\.gradle\native\jansi\1.18\windows64\jansi.dll
0x00007ffb5b570000 - 0x00007ffb5b59d000 	C:\windows\SYSTEM32\IPHLPAPI.DLL
0x00007ffb5ea40000 - 0x00007ffb5ea49000 	C:\windows\System32\NSI.dll
0x00007ffb15fa0000 - 0x00007ffb15fa9000 	C:\Program Files\Java\jdk-21\bin\extnet.dll
0x00007ffb5c150000 - 0x00007ffb5c168000 	C:\windows\SYSTEM32\CRYPTSP.dll
0x00007ffb5b9b0000 - 0x00007ffb5b9e5000 	C:\windows\system32\rsaenh.dll
0x00007ffb5c000000 - 0x00007ffb5c029000 	C:\windows\SYSTEM32\USERENV.dll
0x00007ffb5c300000 - 0x00007ffb5c327000 	C:\windows\SYSTEM32\bcrypt.dll
0x00007ffb5c170000 - 0x00007ffb5c17c000 	C:\windows\SYSTEM32\CRYPTBASE.dll
0x00007ffb133c0000 - 0x00007ffb133ce000 	C:\Program Files\Java\jdk-21\bin\sunmscapi.dll
0x00007ffb5ca10000 - 0x00007ffb5cb72000 	C:\windows\System32\CRYPT32.dll
0x00007ffb5c2d0000 - 0x00007ffb5c2f8000 	C:\windows\SYSTEM32\ncrypt.dll
0x00007ffb5c290000 - 0x00007ffb5c2c7000 	C:\windows\SYSTEM32\NTASN1.dll
0x00007ffb2a0c0000 - 0x00007ffb2a0c8000 	C:\windows\system32\wshunix.dll

dbghelp: loaded successfully - version: 4.0.5 - missing functions: none
symbol engine: initialized successfully - sym options: 0x614 - pdb path: .;C:\Program Files\Java\jdk-21\bin;C:\windows\SYSTEM32;C:\windows\WinSxS\amd64_microsoft.windows.common-controls_6595b64144ccf1df_6.0.22000.120_none_9d947278b86cc467;C:\Program Files\Java\jdk-21\bin\server;C:\Users\Arjun\.gradle\native\1def1411415f61bf3af743bc5b6707747c0891f09f0c88961ee8f79bc544acac\windows-amd64;C:\Users\Arjun\.gradle\native\jansi\1.18\windows64

VM Arguments:
jvm_args: -Xmx64m -Xms64m -Dorg.gradle.appname=gradlew 
java_command: D:\Reactnative\CRM\Crm-App\android\\gradle\wrapper\gradle-wrapper.jar assembleRelease
java_class_path (initial): D:\Reactnative\CRM\Crm-App\android\\gradle\wrapper\gradle-wrapper.jar
Launcher Type: SUN_STANDARD

[Global flags]
     intx CICompilerCount                          = 4                                         {product} {ergonomic}
     uint ConcGCThreads                            = 3                                         {product} {ergonomic}
     uint G1ConcRefinementThreads                  = 10                                        {product} {ergonomic}
   size_t G1HeapRegionSize                         = 1048576                                   {product} {ergonomic}
    uintx GCDrainStackTargetSize                   = 64                                        {product} {ergonomic}
   size_t InitialHeapSize                          = 67108864                                  {product} {command line}
   size_t MarkStackSize                            = 4194304                                   {product} {ergonomic}
   size_t MaxHeapSize                              = 67108864                                  {product} {command line}
   size_t MaxNewSize                               = 39845888                                  {product} {ergonomic}
   size_t MinHeapDeltaBytes                        = 1048576                                   {product} {ergonomic}
   size_t MinHeapSize                              = 67108864                                  {product} {command line}
    uintx NonNMethodCodeHeapSize                   = 5839372                                {pd product} {ergonomic}
    uintx NonProfiledCodeHeapSize                  = 122909434                              {pd product} {ergonomic}
    uintx ProfiledCodeHeapSize                     = 122909434                              {pd product} {ergonomic}
    uintx ReservedCodeCacheSize                    = 251658240                              {pd product} {ergonomic}
     bool SegmentedCodeCache                       = true                                      {product} {ergonomic}
   size_t SoftMaxHeapSize                          = 67108864                               {manageable} {ergonomic}
     bool UseCompressedOops                        = true                           {product lp64_product} {ergonomic}
     bool UseG1GC                                  = true                                      {product} {ergonomic}
     bool UseLargePagesIndividualAllocation        = false                                  {pd product} {ergonomic}

Logging:
Log output configuration:
 #0: stdout all=warning uptime,level,tags foldmultilines=false
 #1: stderr all=off uptime,level,tags foldmultilines=false

Environment Variables:
JAVA_HOME=C:\Program Files\Java\jdk-21
PATH=C:\Program Files\Java\jdk-21\bin;C:\Program Files\Microsoft\jdk-17.0.12.7-hotspot\bin;C:\windows\system32;C:\windows;C:\windows\System32\Wbem;C:\windows\System32\WindowsPowerShell\v1.0\;C:\windows\System32\OpenSSH\;C:\Program Files (x86)\NVIDIA Corporation\PhysX\Common;C:\Program Files\NVIDIA Corporation\NVIDIA NvDLISR;C:\MinGW\bin;C:\MinGW\bin;C:\Program Files\MySQL\MySQL Server 8.0\bin;C:\Program Files\Git\cmd;C:\ProgramData\chocolatey\bin;C:\Users\Arjun\AppData\Local\Android\Sdk;C:\Users\Arjun\AppData\Local\Android\Sdk\platform-tools;C:\Program Files\Java\jdk-21\bin;C:\Users\Arjun\AppData\Local\Android\Sdk\platform-tools;C:\Program Files\nodejs\;c:\Users\Arjun\AppData\Local\Programs\cursor\resources\app\bin;C:\Users\Arjun\AppData\Local\Android\Sdk\tools;C:\Program Files\dotnet\;C:\Users\Arjun\AppData\Local\Android\Sdk\tools;C:\Users\Arjun\AppData\Local\Android\Sdk\platform-tools;C:\Program Files\MySQL\MySQL Shell 8.0\bin\;C:\Users\Arjun\AppData\Local\Microsoft\WindowsApps;C:\Program Files\nodejs\;C:\Program Files\MongoDB\Server\7.0\bin;C:\Program Files\Java\jdk-21\bin;C:\Users\Arjun\AppData\Local\Android\Sdk;C:\Users\Arjun\AppData\Local\Android\Sdk\platform-tools;C:\Users\Arjun\AppData\Roaming\npm;C:\Users\Arjun\AppData\Local\Programs\cursor\resources\app\bin;C:\Program Files\Java\jdk-21\bin;C:\Users\Arjun\AppData\Local\Programs\Microsoft VS Code\bin;C:\Users\Arjun\AppData\Local\Programs\Antigravity\bin;c:\Users\Arjun\.antigravity\extensions\vscjava.vscode-java-debug-0.58.5-universal\bundled\scripts\noConfigScripts
USERNAME=Arjun
LANG=en_US.UTF-8
OS=Windows_NT
PROCESSOR_IDENTIFIER=AMD64 Family 25 Model 80 Stepping 0, AuthenticAMD
TMP=C:\Users\Arjun\AppData\Local\Temp
TEMP=C:\Users\Arjun\AppData\Local\Temp




Periodic native trim disabled

---------------  S Y S T E M  ---------------

OS:
 Windows 11 , 64 bit Build 22000 (10.0.22000.1516)
OS uptime: 1 days 1:32 hours
Hyper-V role detected

CPU: total 12 (initial active 12) (12 cores per cpu, 2 threads per core) family 25 model 80 stepping 0 microcode 0x0, cx8, cmov, fxsr, ht, mmx, 3dnowpref, sse, sse2, sse3, ssse3, sse4a, sse4.1, sse4.2, popcnt, lzcnt, tsc, tscinvbit, avx, avx2, aes, erms, clmul, bmi1, bmi2, adx, sha, fma, vzeroupper, clflush, clflushopt, hv, rdtscp, rdpid, fsrm, f16c, cet_ss
Processor Information for all 12 processors :
  Max Mhz: 3301, Current Mhz: 3301, Mhz Limit: 3301

Memory: 4k page, system-wide physical 7523M (222M free)
TotalPageFile size 31075M (AvailPageFile size 6M)
current process WorkingSet (physical memory assigned to process): 11M, peak: 110M
current process commit charge ("private bytes"): 170M, peak: 175M

vm_info: Java HotSpot(TM) 64-Bit Server VM (21.0.7+8-LTS-245) for windows-amd64 JRE (21.0.7+8-LTS-245), built on 2025-02-21T05:11:27Z by "mach5one" with MS VC++ 17.6 (VS2022)

END.
