#
# There is insufficient memory for the Java Runtime Environment to continue.
# Native memory allocation (malloc) failed to allocate 32744 bytes for Chunk::new
# Possible reasons:
#   The system is out of physical RAM or swap space
#   The process is running with CompressedOops enabled, and the Java Heap may be blocking the growth of the native heap
# Possible solutions:
#   Reduce memory load on the system
#   Increase physical memory or swap space
#   Check if swap backing store is full
#   Decrease Java heap size (-Xmx/-Xms)
#   Decrease number of Java threads
#   Decrease Java thread stack sizes (-Xss)
#   Set larger code cache with -XX:ReservedCodeCacheSize=
#   JVM is running with Unscaled Compressed Oops mode in which the Java heap is
#     placed in the first 4GB address space. The Java Heap base address is the
#     maximum limit for the native heap growth. Please use -XX:HeapBaseMinAddress
#     to set the Java Heap base and to place the Java Heap above 4GB virtual address.
# This output file may be truncated or incomplete.
#
#  Out of Memory Error (arena.cpp:168), pid=15060, tid=13000
#
# JRE version: Java(TM) SE Runtime Environment (21.0.7+8) (build 21.0.7+8-LTS-245)
# Java VM: Java HotSpot(TM) 64-Bit Server VM (21.0.7+8-LTS-245, mixed mode, sharing, tiered, compressed oops, compressed class ptrs, g1 gc, windows-amd64)
# No core dump will be written. Minidumps are not enabled by default on client versions of Windows
#

---------------  S U M M A R Y ------------

Command Line: -Xmx64m -Xms64m -Dorg.gradle.appname=gradlew D:\Reactnative\CRM\Crm-App\android\\gradle\wrapper\gradle-wrapper.jar assembleRelease

Host: AMD Ryzen 5 5600H with Radeon Graphics         , 12 cores, 7G,  Windows 11 , 64 bit Build 22000 (10.0.22000.1516)
Time: Wed Mar 11 16:09:05 2026 India Standard Time elapsed time: 23.290714 seconds (0d 0h 0m 23s)

---------------  T H R E A D  ---------------

Current thread (0x000002c7776f7400):  JavaThread "C2 CompilerThread0" daemon [_thread_in_native, id=13000, stack(0x000000e473f00000,0x000000e474000000) (1024K)]


Current CompileTask:
C2:  23319 1787       4       java.util.LinkedHashMap$LinkedHashIterator::nextNode (68 bytes)

Stack: [0x000000e473f00000,0x000000e474000000]
Native frames: (J=compiled Java code, j=interpreted, Vv=VM code, C=native code)
V  [jvm.dll+0x6cae19]
V  [jvm.dll+0x855741]
V  [jvm.dll+0x857c6e]
V  [jvm.dll+0x858343]
V  [jvm.dll+0x27e0b6]
V  [jvm.dll+0xc4ecd]
V  [jvm.dll+0xc5403]
V  [jvm.dll+0x2f14c9]
V  [jvm.dll+0x5f5a8a]
V  [jvm.dll+0x24fbc2]
V  [jvm.dll+0x24ff7f]
V  [jvm.dll+0x248a9c]
V  [jvm.dll+0x246004]
V  [jvm.dll+0x1c6efe]
V  [jvm.dll+0x255819]
V  [jvm.dll+0x253daa]
V  [jvm.dll+0x3eebb6]
V  [jvm.dll+0x7ffa1b]
V  [jvm.dll+0x6c94fd]
C  [ucrtbase.dll+0x26c0c]
C  [KERNEL32.DLL+0x155a0]
C  [ntdll.dll+0x485b]


---------------  P R O C E S S  ---------------

Threads class SMR info:
_java_thread_list=0x000002c77c585820, length=12, elements={
0x000002c75aee0050, 0x000002c75d107ef0, 0x000002c75d109b00, 0x000002c75d10dc40,
0x000002c7776edf50, 0x000002c7776eef00, 0x000002c7776f0580, 0x000002c7776f7400,
0x000002c777718920, 0x000002c7779a3820, 0x000002c7779a2b00, 0x000002c7779a2470
}

Java Threads: ( => current thread )
  0x000002c75aee0050 JavaThread "main"                              [_thread_in_native, id=30884, stack(0x000000e473100000,0x000000e473200000) (1024K)]
  0x000002c75d107ef0 JavaThread "Reference Handler"          daemon [_thread_blocked, id=25396, stack(0x000000e473900000,0x000000e473a00000) (1024K)]
  0x000002c75d109b00 JavaThread "Finalizer"                  daemon [_thread_blocked, id=4748, stack(0x000000e473a00000,0x000000e473b00000) (1024K)]
  0x000002c75d10dc40 JavaThread "Signal Dispatcher"          daemon [_thread_blocked, id=17592, stack(0x000000e473b00000,0x000000e473c00000) (1024K)]
  0x000002c7776edf50 JavaThread "Attach Listener"            daemon [_thread_blocked, id=30320, stack(0x000000e473c00000,0x000000e473d00000) (1024K)]
  0x000002c7776eef00 JavaThread "Service Thread"             daemon [_thread_blocked, id=26860, stack(0x000000e473d00000,0x000000e473e00000) (1024K)]
  0x000002c7776f0580 JavaThread "Monitor Deflation Thread"   daemon [_thread_blocked, id=28664, stack(0x000000e473e00000,0x000000e473f00000) (1024K)]
=>0x000002c7776f7400 JavaThread "C2 CompilerThread0"         daemon [_thread_in_native, id=13000, stack(0x000000e473f00000,0x000000e474000000) (1024K)]
  0x000002c777718920 JavaThread "C1 CompilerThread0"         daemon [_thread_blocked, id=28376, stack(0x000000e474000000,0x000000e474100000) (1024K)]
  0x000002c7779a3820 JavaThread "Notification Thread"        daemon [_thread_blocked, id=15476, stack(0x000000e474100000,0x000000e474200000) (1024K)]
  0x000002c7779a2b00 JavaThread "Common-Cleaner"             daemon [_thread_blocked, id=13016, stack(0x000000e474200000,0x000000e474300000) (1024K)]
  0x000002c7779a2470 JavaThread "pool-1-thread-1"                   [_thread_blocked, id=14736, stack(0x000000e474800000,0x000000e474900000) (1024K)]
Total: 12

Other Threads:
  0x000002c75d0eeb20 VMThread "VM Thread"                           [id=26084, stack(0x000000e473800000,0x000000e473900000) (1024K)]
  0x000002c7776eca10 WatcherThread "VM Periodic Task Thread"        [id=3576, stack(0x000000e473700000,0x000000e473800000) (1024K)]
  0x000002c75d055f90 WorkerThread "GC Thread#0"                     [id=28760, stack(0x000000e473200000,0x000000e473300000) (1024K)]
  0x000002c77c0fbb20 WorkerThread "GC Thread#1"                     [id=28828, stack(0x000000e474500000,0x000000e474600000) (1024K)]
  0x000002c77c1610d0 WorkerThread "GC Thread#2"                     [id=15632, stack(0x000000e474600000,0x000000e474700000) (1024K)]
  0x000002c77c161810 WorkerThread "GC Thread#3"                     [id=4448, stack(0x000000e474700000,0x000000e474800000) (1024K)]
  0x000002c75d057670 ConcurrentGCThread "G1 Main Marker"            [id=30964, stack(0x000000e473300000,0x000000e473400000) (1024K)]
  0x000002c75d058b20 WorkerThread "G1 Conc#0"                       [id=15148, stack(0x000000e473400000,0x000000e473500000) (1024K)]
  0x000002c75d0cc040 ConcurrentGCThread "G1 Refine#0"               [id=3980, stack(0x000000e473500000,0x000000e473600000) (1024K)]
  0x000002c75d0cd960 ConcurrentGCThread "G1 Service"                [id=3284, stack(0x000000e473600000,0x000000e473700000) (1024K)]
Total: 10

Threads with active compile tasks:
C2 CompilerThread0    23990 1787       4       java.util.LinkedHashMap$LinkedHashIterator::nextNode (68 bytes)
Total: 1

VM state: not at safepoint (normal execution)

VM Mutex/Monitor currently owned by a thread: None

Heap address: 0x00000000fc000000, size: 64 MB, Compressed Oops mode: 32-bit

CDS archive(s) mapped at: [0x000002c700000000-0x000002c700c90000-0x000002c700c90000), size 13172736, SharedBaseAddress: 0x000002c700000000, ArchiveRelocationMode: 1.
Compressed class space mapped at: 0x000002c701000000-0x000002c741000000, reserved size: 1073741824
Narrow klass base: 0x000002c700000000, Narrow klass shift: 0, Narrow klass range: 0x100000000

GC Precious Log:
 CardTable entry size: 512
 Card Set container configuration: InlinePtr #cards 5 size 8 Array Of Cards #cards 12 size 40 Howl #buckets 4 coarsen threshold 1843 Howl Bitmap #cards 512 size 80 coarsen threshold 460 Card regions per heap region 1 cards per card region 2048
 CPUs: 12 total, 12 available
 Memory: 7523M
 Large Page Support: Disabled
 NUMA Support: Disabled
 Compressed Oops: Enabled (32-bit)
 Heap Region Size: 1M
 Heap Min Capacity: 64M
 Heap Initial Capacity: 64M
 Heap Max Capacity: 64M
 Pre-touch: Disabled
 Parallel Workers: 10
 Concurrent Workers: 3
 Concurrent Refinement Workers: 10
 Periodic GC: Disabled

Heap:
 garbage-first heap   total 65536K, used 36640K [0x00000000fc000000, 0x0000000100000000)
  region size 1024K, 35 young (35840K), 2 survivors (2048K)
 Metaspace       used 9036K, committed 9344K, reserved 1114112K
  class space    used 1177K, committed 1344K, reserved 1048576K

Heap Regions: E=young(eden), S=young(survivor), O=old, HS=humongous(starts), HC=humongous(continues), CS=collection set, F=free, TAMS=top-at-mark-start, PB=parsable bottom
|   0|0x00000000fc000000, 0x00000000fc100000, 0x00000000fc100000|100%|HS|  |TAMS 0x00000000fc000000| PB 0x00000000fc000000| Complete 
|   1|0x00000000fc100000, 0x00000000fc200000, 0x00000000fc200000|100%|HC|  |TAMS 0x00000000fc100000| PB 0x00000000fc100000| Complete 
|   2|0x00000000fc200000, 0x00000000fc300000, 0x00000000fc300000|100%|HC|  |TAMS 0x00000000fc200000| PB 0x00000000fc200000| Complete 
|   3|0x00000000fc300000, 0x00000000fc300000, 0x00000000fc400000|  0%| F|  |TAMS 0x00000000fc300000| PB 0x00000000fc300000| Untracked 
|   4|0x00000000fc400000, 0x00000000fc400000, 0x00000000fc500000|  0%| F|  |TAMS 0x00000000fc400000| PB 0x00000000fc400000| Untracked 
|   5|0x00000000fc500000, 0x00000000fc500000, 0x00000000fc600000|  0%| F|  |TAMS 0x00000000fc500000| PB 0x00000000fc500000| Untracked 
|   6|0x00000000fc600000, 0x00000000fc600000, 0x00000000fc700000|  0%| F|  |TAMS 0x00000000fc600000| PB 0x00000000fc600000| Untracked 
|   7|0x00000000fc700000, 0x00000000fc700000, 0x00000000fc800000|  0%| F|  |TAMS 0x00000000fc700000| PB 0x00000000fc700000| Untracked 
|   8|0x00000000fc800000, 0x00000000fc800000, 0x00000000fc900000|  0%| F|  |TAMS 0x00000000fc800000| PB 0x00000000fc800000| Untracked 
|   9|0x00000000fc900000, 0x00000000fc900000, 0x00000000fca00000|  0%| F|  |TAMS 0x00000000fc900000| PB 0x00000000fc900000| Untracked 
|  10|0x00000000fca00000, 0x00000000fca00000, 0x00000000fcb00000|  0%| F|  |TAMS 0x00000000fca00000| PB 0x00000000fca00000| Untracked 
|  11|0x00000000fcb00000, 0x00000000fcb00000, 0x00000000fcc00000|  0%| F|  |TAMS 0x00000000fcb00000| PB 0x00000000fcb00000| Untracked 
|  12|0x00000000fcc00000, 0x00000000fcc00000, 0x00000000fcd00000|  0%| F|  |TAMS 0x00000000fcc00000| PB 0x00000000fcc00000| Untracked 
|  13|0x00000000fcd00000, 0x00000000fcd00000, 0x00000000fce00000|  0%| F|  |TAMS 0x00000000fcd00000| PB 0x00000000fcd00000| Untracked 
|  14|0x00000000fce00000, 0x00000000fce00000, 0x00000000fcf00000|  0%| F|  |TAMS 0x00000000fce00000| PB 0x00000000fce00000| Untracked 
|  15|0x00000000fcf00000, 0x00000000fcf00000, 0x00000000fd000000|  0%| F|  |TAMS 0x00000000fcf00000| PB 0x00000000fcf00000| Untracked 
|  16|0x00000000fd000000, 0x00000000fd000000, 0x00000000fd100000|  0%| F|  |TAMS 0x00000000fd000000| PB 0x00000000fd000000| Untracked 
|  17|0x00000000fd100000, 0x00000000fd100000, 0x00000000fd200000|  0%| F|  |TAMS 0x00000000fd100000| PB 0x00000000fd100000| Untracked 
|  18|0x00000000fd200000, 0x00000000fd200000, 0x00000000fd300000|  0%| F|  |TAMS 0x00000000fd200000| PB 0x00000000fd200000| Untracked 
|  19|0x00000000fd300000, 0x00000000fd300000, 0x00000000fd400000|  0%| F|  |TAMS 0x00000000fd300000| PB 0x00000000fd300000| Untracked 
|  20|0x00000000fd400000, 0x00000000fd400000, 0x00000000fd500000|  0%| F|  |TAMS 0x00000000fd400000| PB 0x00000000fd400000| Untracked 
|  21|0x00000000fd500000, 0x00000000fd500000, 0x00000000fd600000|  0%| F|  |TAMS 0x00000000fd500000| PB 0x00000000fd500000| Untracked 
|  22|0x00000000fd600000, 0x00000000fd600000, 0x00000000fd700000|  0%| F|  |TAMS 0x00000000fd600000| PB 0x00000000fd600000| Untracked 
|  23|0x00000000fd700000, 0x00000000fd700000, 0x00000000fd800000|  0%| F|  |TAMS 0x00000000fd700000| PB 0x00000000fd700000| Untracked 
|  24|0x00000000fd800000, 0x00000000fd800000, 0x00000000fd900000|  0%| F|  |TAMS 0x00000000fd800000| PB 0x00000000fd800000| Untracked 
|  25|0x00000000fd900000, 0x00000000fd900000, 0x00000000fda00000|  0%| F|  |TAMS 0x00000000fd900000| PB 0x00000000fd900000| Untracked 
|  26|0x00000000fda00000, 0x00000000fda00000, 0x00000000fdb00000|  0%| F|  |TAMS 0x00000000fda00000| PB 0x00000000fda00000| Untracked 
|  27|0x00000000fdb00000, 0x00000000fdb00000, 0x00000000fdc00000|  0%| F|  |TAMS 0x00000000fdb00000| PB 0x00000000fdb00000| Untracked 
|  28|0x00000000fdc00000, 0x00000000fdc00000, 0x00000000fdd00000|  0%| F|  |TAMS 0x00000000fdc00000| PB 0x00000000fdc00000| Untracked 
|  29|0x00000000fdd00000, 0x00000000fde00000, 0x00000000fde00000|100%| E|  |TAMS 0x00000000fdd00000| PB 0x00000000fdd00000| Complete 
|  30|0x00000000fde00000, 0x00000000fdf00000, 0x00000000fdf00000|100%| E|CS|TAMS 0x00000000fde00000| PB 0x00000000fde00000| Complete 
|  31|0x00000000fdf00000, 0x00000000fe000000, 0x00000000fe000000|100%| E|CS|TAMS 0x00000000fdf00000| PB 0x00000000fdf00000| Complete 
|  32|0x00000000fe000000, 0x00000000fe100000, 0x00000000fe100000|100%| E|CS|TAMS 0x00000000fe000000| PB 0x00000000fe000000| Complete 
|  33|0x00000000fe100000, 0x00000000fe200000, 0x00000000fe200000|100%| E|CS|TAMS 0x00000000fe100000| PB 0x00000000fe100000| Complete 
|  34|0x00000000fe200000, 0x00000000fe300000, 0x00000000fe300000|100%| E|CS|TAMS 0x00000000fe200000| PB 0x00000000fe200000| Complete 
|  35|0x00000000fe300000, 0x00000000fe400000, 0x00000000fe400000|100%| E|CS|TAMS 0x00000000fe300000| PB 0x00000000fe300000| Complete 
|  36|0x00000000fe400000, 0x00000000fe500000, 0x00000000fe500000|100%| E|CS|TAMS 0x00000000fe400000| PB 0x00000000fe400000| Complete 
|  37|0x00000000fe500000, 0x00000000fe600000, 0x00000000fe600000|100%| E|CS|TAMS 0x00000000fe500000| PB 0x00000000fe500000| Complete 
|  38|0x00000000fe600000, 0x00000000fe700000, 0x00000000fe700000|100%| E|CS|TAMS 0x00000000fe600000| PB 0x00000000fe600000| Complete 
|  39|0x00000000fe700000, 0x00000000fe7c8000, 0x00000000fe800000| 78%| S|CS|TAMS 0x00000000fe700000| PB 0x00000000fe700000| Complete 
|  40|0x00000000fe800000, 0x00000000fe900000, 0x00000000fe900000|100%| S|CS|TAMS 0x00000000fe800000| PB 0x00000000fe800000| Complete 
|  41|0x00000000fe900000, 0x00000000fea00000, 0x00000000fea00000|100%| E|CS|TAMS 0x00000000fe900000| PB 0x00000000fe900000| Complete 
|  42|0x00000000fea00000, 0x00000000feb00000, 0x00000000feb00000|100%| E|CS|TAMS 0x00000000fea00000| PB 0x00000000fea00000| Complete 
|  43|0x00000000feb00000, 0x00000000fec00000, 0x00000000fec00000|100%| E|CS|TAMS 0x00000000feb00000| PB 0x00000000feb00000| Complete 
|  44|0x00000000fec00000, 0x00000000fed00000, 0x00000000fed00000|100%| E|CS|TAMS 0x00000000fec00000| PB 0x00000000fec00000| Complete 
|  45|0x00000000fed00000, 0x00000000fee00000, 0x00000000fee00000|100%| E|CS|TAMS 0x00000000fed00000| PB 0x00000000fed00000| Complete 
|  46|0x00000000fee00000, 0x00000000fef00000, 0x00000000fef00000|100%| E|CS|TAMS 0x00000000fee00000| PB 0x00000000fee00000| Complete 
|  47|0x00000000fef00000, 0x00000000ff000000, 0x00000000ff000000|100%| E|CS|TAMS 0x00000000fef00000| PB 0x00000000fef00000| Complete 
|  48|0x00000000ff000000, 0x00000000ff100000, 0x00000000ff100000|100%| E|CS|TAMS 0x00000000ff000000| PB 0x00000000ff000000| Complete 
|  49|0x00000000ff100000, 0x00000000ff200000, 0x00000000ff200000|100%| E|CS|TAMS 0x00000000ff100000| PB 0x00000000ff100000| Complete 
|  50|0x00000000ff200000, 0x00000000ff300000, 0x00000000ff300000|100%| E|CS|TAMS 0x00000000ff200000| PB 0x00000000ff200000| Complete 
|  51|0x00000000ff300000, 0x00000000ff400000, 0x00000000ff400000|100%| E|CS|TAMS 0x00000000ff300000| PB 0x00000000ff300000| Complete 
|  52|0x00000000ff400000, 0x00000000ff500000, 0x00000000ff500000|100%| E|CS|TAMS 0x00000000ff400000| PB 0x00000000ff400000| Complete 
|  53|0x00000000ff500000, 0x00000000ff600000, 0x00000000ff600000|100%| E|CS|TAMS 0x00000000ff500000| PB 0x00000000ff500000| Complete 
|  54|0x00000000ff600000, 0x00000000ff700000, 0x00000000ff700000|100%| E|CS|TAMS 0x00000000ff600000| PB 0x00000000ff600000| Complete 
|  55|0x00000000ff700000, 0x00000000ff800000, 0x00000000ff800000|100%| E|CS|TAMS 0x00000000ff700000| PB 0x00000000ff700000| Complete 
|  56|0x00000000ff800000, 0x00000000ff900000, 0x00000000ff900000|100%| E|CS|TAMS 0x00000000ff800000| PB 0x00000000ff800000| Complete 
|  57|0x00000000ff900000, 0x00000000ffa00000, 0x00000000ffa00000|100%| E|CS|TAMS 0x00000000ff900000| PB 0x00000000ff900000| Complete 
|  58|0x00000000ffa00000, 0x00000000ffb00000, 0x00000000ffb00000|100%| E|  |TAMS 0x00000000ffa00000| PB 0x00000000ffa00000| Complete 
|  59|0x00000000ffb00000, 0x00000000ffc00000, 0x00000000ffc00000|100%| E|CS|TAMS 0x00000000ffb00000| PB 0x00000000ffb00000| Complete 
|  60|0x00000000ffc00000, 0x00000000ffd00000, 0x00000000ffd00000|100%| E|CS|TAMS 0x00000000ffc00000| PB 0x00000000ffc00000| Complete 
|  61|0x00000000ffd00000, 0x00000000ffe00000, 0x00000000ffe00000|100%| E|CS|TAMS 0x00000000ffd00000| PB 0x00000000ffd00000| Complete 
|  62|0x00000000ffe00000, 0x00000000fff00000, 0x00000000fff00000|100%| E|CS|TAMS 0x00000000ffe00000| PB 0x00000000ffe00000| Complete 
|  63|0x00000000fff00000, 0x0000000100000000, 0x0000000100000000|100%| E|CS|TAMS 0x00000000fff00000| PB 0x00000000fff00000| Complete 

Card table byte_map: [0x000002c75cf70000,0x000002c75cf90000] _byte_map_base: 0x000002c75c790000

Marking Bits: (CMBitMap*) 0x000002c75d056590
 Bits: [0x000002c774a30000, 0x000002c774b30000)

Polling page: 0x000002c75b040000

Metaspace:

Usage:
  Non-class:      7.68 MB used.
      Class:      1.15 MB used.
       Both:      8.82 MB used.

Virtual space:
  Non-class space:       64.00 MB reserved,       7.81 MB ( 12%) committed,  1 nodes.
      Class space:        1.00 GB reserved,       1.31 MB ( <1%) committed,  1 nodes.
             Both:        1.06 GB reserved,       9.12 MB ( <1%) committed. 

Chunk freelists:
   Non-Class:  7.92 MB
       Class:  14.75 MB
        Both:  22.67 MB

MaxMetaspaceSize: unlimited
CompressedClassSpaceSize: 1.00 GB
Initial GC threshold: 21.00 MB
Current GC threshold: 21.00 MB
CDS: on
 - commit_granule_bytes: 65536.
 - commit_granule_words: 8192.
 - virtual_space_node_default_size: 8388608.
 - enlarge_chunks_in_place: 1.
 - use_allocation_guard: 0.


Internal statistics:

num_allocs_failed_limit: 0.
num_arena_births: 238.
num_arena_deaths: 0.
num_vsnodes_births: 2.
num_vsnodes_deaths: 0.
num_space_committed: 146.
num_space_uncommitted: 0.
num_chunks_returned_to_freelist: 0.
num_chunks_taken_from_freelist: 509.
num_chunk_merges: 0.
num_chunk_splits: 317.
num_chunks_enlarged: 223.
num_inconsistent_stats: 0.

CodeHeap 'non-profiled nmethods': size=120000Kb used=748Kb max_used=748Kb free=119251Kb
 bounds [0x000002c76cfb0000, 0x000002c76d220000, 0x000002c7744e0000]
CodeHeap 'profiled nmethods': size=120000Kb used=3357Kb max_used=3357Kb free=116643Kb
 bounds [0x000002c7654e0000, 0x000002c765830000, 0x000002c76ca10000]
CodeHeap 'non-nmethods': size=5760Kb used=1383Kb max_used=1399Kb free=4376Kb
 bounds [0x000002c76ca10000, 0x000002c76cc80000, 0x000002c76cfb0000]
 total_blobs=2269 nmethods=1785 adapters=389
 compilation: enabled
              stopped_count=0, restarted_count=0
 full_count=0

Compilation events (20 events):
Event: 15.060 Thread 0x000002c777718920 nmethod 1777 0x000002c765823d10 code [0x000002c765823f80, 0x000002c765824988]
Event: 15.568 Thread 0x000002c777718920 1778       3       java.util.concurrent.ScheduledThreadPoolExecutor$ScheduledFutureTask::getDelay (16 bytes)
Event: 15.568 Thread 0x000002c777718920 nmethod 1778 0x000002c765824d10 code [0x000002c765824ec0, 0x000002c765825058]
Event: 16.157 Thread 0x000002c777718920 1779       3       org.gradle.internal.logging.sink.GroupingProgressLogEventGenerator$OperationGroup::timeoutExpired (17 bytes)
Event: 16.157 Thread 0x000002c777718920 nmethod 1779 0x000002c765825110 code [0x000002c7658252a0, 0x000002c765825410]
Event: 17.257 Thread 0x000002c777718920 1780       3       jdk.internal.misc.Unsafe::weakCompareAndSetInt (11 bytes)
Event: 17.257 Thread 0x000002c777718920 nmethod 1780 0x000002c765825490 code [0x000002c765825620, 0x000002c765825748]
Event: 18.865 Thread 0x000002c777718920 1781       3       java.util.concurrent.locks.ReentrantLock$Sync::isHeldExclusively (16 bytes)
Event: 18.866 Thread 0x000002c777718920 nmethod 1781 0x000002c765825810 code [0x000002c7658259c0, 0x000002c765825b58]
Event: 21.462 Thread 0x000002c777718920 1782       3       java.util.LinkedHashMap::values (5 bytes)
Event: 21.480 Thread 0x000002c777718920 nmethod 1782 0x000002c765825c10 code [0x000002c765825dc0, 0x000002c765825f18]
Event: 21.480 Thread 0x000002c777718920 1783       3       java.util.LinkedHashMap::sequencedValues (31 bytes)
Event: 21.530 Thread 0x000002c777718920 nmethod 1783 0x000002c765826010 code [0x000002c7658261e0, 0x000002c765826688]
Event: 21.677 Thread 0x000002c777718920 1784       3       java.util.LinkedHashMap$LinkedValues::iterator (16 bytes)
Event: 21.677 Thread 0x000002c777718920 nmethod 1784 0x000002c765826810 code [0x000002c7658269c0, 0x000002c765826bd8]
Event: 21.678 Thread 0x000002c777718920 1785       3       java.util.LinkedHashMap$LinkedValueIterator::<init> (7 bytes)
Event: 21.678 Thread 0x000002c777718920 nmethod 1785 0x000002c765826d10 code [0x000002c765826ec0, 0x000002c765826ff8]
Event: 21.961 Thread 0x000002c777718920 1786       3       java.util.concurrent.ScheduledThreadPoolExecutor$ScheduledFutureTask::isPeriodic (15 bytes)
Event: 21.961 Thread 0x000002c777718920 nmethod 1786 0x000002c765827090 code [0x000002c765827220, 0x000002c765827388]
Event: 21.995 Thread 0x000002c7776f7400 1787       4       java.util.LinkedHashMap$LinkedHashIterator::nextNode (68 bytes)

GC Heap History (2 events):
Event: 0.378 GC heap before
{Heap before GC invocations=0 (full 0):
 garbage-first heap   total 65536K, used 23552K [0x00000000fc000000, 0x0000000100000000)
  region size 1024K, 23 young (23552K), 0 survivors (0K)
 Metaspace       used 1630K, committed 1792K, reserved 1114112K
  class space    used 146K, committed 256K, reserved 1048576K
}
Event: 0.380 GC heap after
{Heap after GC invocations=1 (full 0):
 garbage-first heap   total 65536K, used 1824K [0x00000000fc000000, 0x0000000100000000)
  region size 1024K, 2 young (2048K), 2 survivors (2048K)
 Metaspace       used 1630K, committed 1792K, reserved 1114112K
  class space    used 146K, committed 256K, reserved 1048576K
}

Dll operation events (12 events):
Event: 0.011 Loaded shared library C:\Program Files\Java\jdk-21\bin\java.dll
Event: 0.037 Loaded shared library C:\Program Files\Java\jdk-21\bin\jsvml.dll
Event: 0.049 Loaded shared library C:\Program Files\Java\jdk-21\bin\net.dll
Event: 0.051 Loaded shared library C:\Program Files\Java\jdk-21\bin\nio.dll
Event: 0.053 Loaded shared library C:\Program Files\Java\jdk-21\bin\zip.dll
Event: 0.361 Loaded shared library C:\Program Files\Java\jdk-21\bin\jimage.dll
Event: 0.591 Loaded shared library C:\Program Files\Java\jdk-21\bin\management.dll
Event: 0.597 Loaded shared library C:\Program Files\Java\jdk-21\bin\management_ext.dll
Event: 0.622 Loaded shared library C:\Program Files\Java\jdk-21\bin\verify.dll
Event: 0.630 Loaded shared library C:\Users\Arjun\.gradle\native\1def1411415f61bf3af743bc5b6707747c0891f09f0c88961ee8f79bc544acac\windows-amd64\native-platform.dll
Event: 0.747 Loaded shared library C:\Program Files\Java\jdk-21\bin\extnet.dll
Event: 1.053 Loaded shared library C:\Program Files\Java\jdk-21\bin\sunmscapi.dll

Deoptimization events (20 events):
Event: 1.070 Thread 0x000002c75aee0050 Uncommon trap: trap_request=0xffffffde fr.pc=0x000002c76cfedfa4 relative=0x0000000000000084
Event: 1.070 Thread 0x000002c75aee0050 Uncommon trap: reason=class_check action=maybe_recompile pc=0x000002c76cfedfa4 method=java.util.AbstractList$Itr.hasNext()Z @ 8 c2
Event: 1.070 Thread 0x000002c75aee0050 DEOPT PACKING pc=0x000002c76cfedfa4 sp=0x000000e4731fcd70
Event: 1.070 Thread 0x000002c75aee0050 DEOPT UNPACKING pc=0x000002c76ca646a2 sp=0x000000e4731fcd08 mode 2
Event: 1.070 Thread 0x000002c75aee0050 Uncommon trap: trap_request=0xffffffde fr.pc=0x000002c76cfee9f4 relative=0x00000000000000d4
Event: 1.070 Thread 0x000002c75aee0050 Uncommon trap: reason=class_check action=maybe_recompile pc=0x000002c76cfee9f4 method=java.util.AbstractList$Itr.next()Ljava/lang/Object; @ 14 c2
Event: 1.070 Thread 0x000002c75aee0050 DEOPT PACKING pc=0x000002c76cfee9f4 sp=0x000000e4731fcd60
Event: 1.070 Thread 0x000002c75aee0050 DEOPT UNPACKING pc=0x000002c76ca646a2 sp=0x000000e4731fccf8 mode 2
Event: 1.075 Thread 0x000002c75aee0050 Uncommon trap: trap_request=0xffffff45 fr.pc=0x000002c76d021784 relative=0x0000000000000784
Event: 1.075 Thread 0x000002c75aee0050 Uncommon trap: reason=unstable_if action=reinterpret pc=0x000002c76d021784 method=java.lang.Integer.stringSize(I)I @ 19 c2
Event: 1.075 Thread 0x000002c75aee0050 DEOPT PACKING pc=0x000002c76d021784 sp=0x000000e4731fd760
Event: 1.075 Thread 0x000002c75aee0050 DEOPT UNPACKING pc=0x000002c76ca646a2 sp=0x000000e4731fd6b8 mode 2
Event: 1.075 Thread 0x000002c75aee0050 Uncommon trap: trap_request=0xffffff45 fr.pc=0x000002c76d020c34 relative=0x0000000000000114
Event: 1.075 Thread 0x000002c75aee0050 Uncommon trap: reason=unstable_if action=reinterpret pc=0x000002c76d020c34 method=java.lang.Integer.getChars(II[B)I @ 25 c2
Event: 1.075 Thread 0x000002c75aee0050 DEOPT PACKING pc=0x000002c76d020c34 sp=0x000000e4731fd720
Event: 1.075 Thread 0x000002c75aee0050 DEOPT UNPACKING pc=0x000002c76ca646a2 sp=0x000000e4731fd6a8 mode 2
Event: 1.087 Thread 0x000002c75aee0050 Uncommon trap: trap_request=0xffffffde fr.pc=0x000002c76cfedfa4 relative=0x0000000000000084
Event: 1.087 Thread 0x000002c75aee0050 Uncommon trap: reason=class_check action=maybe_recompile pc=0x000002c76cfedfa4 method=java.util.AbstractList$Itr.hasNext()Z @ 8 c2
Event: 1.087 Thread 0x000002c75aee0050 DEOPT PACKING pc=0x000002c76cfedfa4 sp=0x000000e4731fdd30
Event: 1.087 Thread 0x000002c75aee0050 DEOPT UNPACKING pc=0x000002c76ca646a2 sp=0x000000e4731fdcc8 mode 2

Classes loaded (20 events):
Event: 1.077 Loading class java/nio/channels/Pipe$SinkChannel done
Event: 1.077 Loading class sun/nio/ch/SinkChannelImpl done
Event: 1.079 Loading class sun/nio/ch/SelectionKeyImpl
Event: 1.079 Loading class java/nio/channels/spi/AbstractSelectionKey
Event: 1.079 Loading class java/nio/channels/SelectionKey
Event: 1.079 Loading class java/nio/channels/SelectionKey done
Event: 1.079 Loading class java/nio/channels/spi/AbstractSelectionKey done
Event: 1.079 Loading class sun/nio/ch/SelectionKeyImpl done
Event: 1.079 Loading class java/lang/invoke/ConstantBootstraps
Event: 1.079 Loading class java/lang/invoke/ConstantBootstraps done
Event: 1.087 Loading class java/nio/channels/spi/AbstractSelector$1
Event: 1.087 Loading class java/nio/channels/spi/AbstractSelector$1 done
Event: 1.107 Loading class java/util/concurrent/Executors$AutoShutdownDelegatedExecutorService
Event: 1.107 Loading class java/util/concurrent/Executors$AutoShutdownDelegatedExecutorService done
Event: 2.915 Loading class jdk/internal/foreign/MemorySessionImpl
Event: 2.916 Loading class java/lang/foreign/MemorySegment$Scope
Event: 2.916 Loading class java/lang/foreign/MemorySegment$Scope done
Event: 2.916 Loading class jdk/internal/foreign/MemorySessionImpl done
Event: 2.969 Loading class java/lang/invoke/MethodHandle$1
Event: 2.969 Loading class java/lang/invoke/MethodHandle$1 done

Classes unloaded (0 events):
No events

Classes redefined (0 events):
No events

Internal exceptions (20 events):
Event: 0.115 Thread 0x000002c75aee0050 Exception <a 'java/lang/NoSuchMethodError'{0x00000000ffc37d98}: 'void java.lang.invoke.DirectMethodHandle$Holder.invokeSpecial(java.lang.Object, java.lang.Object, java.lang.Object)'> (0x00000000ffc37d98) 
thrown [s\open\src\hotspot\share\interpreter\linkResolver.cpp, line 773]
Event: 0.122 Thread 0x000002c75aee0050 Exception <a 'java/lang/NoSuchMethodError'{0x00000000ffc8a700}: 'int java.lang.invoke.DirectMethodHandle$Holder.invokeStaticInit(java.lang.Object, java.lang.Object)'> (0x00000000ffc8a700) 
thrown [s\open\src\hotspot\share\interpreter\linkResolver.cpp, line 773]
Event: 0.493 Thread 0x000002c75aee0050 Exception <a 'java/lang/NoSuchMethodError'{0x00000000ff6480c0}: 'java.lang.Object java.lang.invoke.DirectMethodHandle$Holder.invokeVirtual(java.lang.Object, java.lang.Object, java.lang.Object)'> (0x00000000ff6480c0) 
thrown [s\open\src\hotspot\share\interpreter\linkResolver.cpp, line 773]
Event: 0.601 Thread 0x000002c75aee0050 Exception <a 'java/lang/NoSuchMethodError'{0x00000000ff1c4360}: 'int java.lang.invoke.DirectMethodHandle$Holder.invokeSpecial(java.lang.Object, java.lang.Object, java.lang.Object)'> (0x00000000ff1c4360) 
thrown [s\open\src\hotspot\share\interpreter\linkResolver.cpp, line 773]
Event: 0.606 Thread 0x000002c75aee0050 Implicit null exception at 0x000002c76d01f8bc to 0x000002c76d01fef8
Event: 0.637 Thread 0x000002c75aee0050 Exception <a 'java/lang/NoSuchMethodError'{0x00000000fefd6c78}: 'java.lang.Object java.lang.invoke.DirectMethodHandle$Holder.invokeStatic(java.lang.Object, java.lang.Object, int)'> (0x00000000fefd6c78) 
thrown [s\open\src\hotspot\share\interpreter\linkResolver.cpp, line 773]
Event: 0.638 Thread 0x000002c75aee0050 Exception <a 'java/lang/NoSuchMethodError'{0x00000000fefe20f8}: 'void java.lang.invoke.DelegatingMethodHandle$Holder.delegate(java.lang.Object, java.lang.Object, int, java.lang.Object)'> (0x00000000fefe20f8) 
thrown [s\open\src\hotspot\share\interpreter\linkResolver.cpp, line 773]
Event: 0.681 Thread 0x000002c75aee0050 Exception <a 'java/lang/NoSuchMethodError'{0x00000000feb31b78}: 'java.lang.Object java.lang.invoke.DirectMethodHandle$Holder.newInvokeSpecial(java.lang.Object, java.lang.Object, java.lang.Object, java.lang.Object, java.lang.Object)'> (0x00000000feb31b78) 
thrown [s\open\src\hotspot\share\interpreter\linkResolver.cpp, line 773]
Event: 0.686 Thread 0x000002c75aee0050 Exception <a 'java/lang/NoSuchMethodError'{0x00000000feb95258}: 'java.lang.Object java.lang.invoke.Invokers$Holder.invokeExact_MT(java.lang.Object, java.lang.Object, java.lang.Object, java.lang.Object, java.lang.Object)'> (0x00000000feb95258) 
thrown [s\open\src\hotspot\share\interpreter\linkResolver.cpp, line 773]
Event: 0.689 Thread 0x000002c75aee0050 Exception <a 'java/lang/NoSuchMethodError'{0x00000000febc7f50}: 'java.lang.Object java.lang.invoke.DirectMethodHandle$Holder.invokeVirtual(java.lang.Object, java.lang.Object, java.lang.Object, java.lang.Object, java.lang.Object, java.lang.Object, java.lang.Object)'> (0x00000000febc7f50) 
thrown [s\open\src\hotspot\share\interpreter\linkResolver.cpp, line 773]
Event: 0.693 Thread 0x000002c75aee0050 Exception <a 'java/lang/NoSuchMethodError'{0x00000000fea0d068}: 'java.lang.Object java.lang.invoke.DirectMethodHandle$Holder.invokeVirtual(java.lang.Object, java.lang.Object, java.lang.Object, java.lang.Object)'> (0x00000000fea0d068) 
thrown [s\open\src\hotspot\share\interpreter\linkResolver.cpp, line 773]
Event: 0.749 Thread 0x000002c75aee0050 Exception <a 'java/lang/NoSuchMethodError'{0x00000000fe507770}: 'void java.lang.invoke.DirectMethodHandle$Holder.invokeStatic(java.lang.Object, java.lang.Object, java.lang.Object)'> (0x00000000fe507770) 
thrown [s\open\src\hotspot\share\interpreter\linkResolver.cpp, line 773]
Event: 0.756 Thread 0x000002c75aee0050 Exception <a 'java/lang/NoSuchMethodError'{0x00000000fe52f4a0}: 'java.lang.Object java.lang.invoke.DirectMethodHandle$Holder.invokeVirtual(java.lang.Object, java.lang.Object, java.lang.Object, java.lang.Object, java.lang.Object)'> (0x00000000fe52f4a0) 
thrown [s\open\src\hotspot\share\interpreter\linkResolver.cpp, line 773]
Event: 0.757 Thread 0x000002c75aee0050 Exception <a 'java/lang/NoSuchMethodError'{0x00000000fe5420e0}: 'java.lang.Object java.lang.invoke.Invokers$Holder.invokeExact_MT(java.lang.Object, java.lang.Object, java.lang.Object, java.lang.Object, java.lang.Object, java.lang.Object)'> (0x00000000fe5420e0) 
thrown [s\open\src\hotspot\share\interpreter\linkResolver.cpp, line 773]
Event: 0.782 Thread 0x000002c75aee0050 Exception <a 'java/lang/NoSuchMethodError'{0x00000000fe360cb0}: 'java.lang.Object java.lang.invoke.DirectMethodHandle$Holder.invokeVirtual(java.lang.Object, java.lang.Object, java.lang.Object, java.lang.Object, java.lang.Object, java.lang.Object, java.lang.Object, java.lang.Object, java.lang.Object)'> (0x00000000fe360cb0) 
thrown [s\open\src\hotspot\share\interpreter\linkResolver.cpp, line 773]
Event: 0.810 Thread 0x000002c75aee0050 Exception <a 'java/lang/NoSuchMethodError'{0x00000000fe1aca00}: 'java.lang.Object java.lang.invoke.DirectMethodHandle$Holder.invokeVirtual(java.lang.Object, java.lang.Object, java.lang.Object, java.lang.Object, java.lang.Object, java.lang.Object, java.lang.Object, java.lang.Object)'> (0x00000000fe1aca00) 
thrown [s\open\src\hotspot\share\interpreter\linkResolver.cpp, line 773]
Event: 0.818 Thread 0x000002c75aee0050 Exception <a 'java/lang/NoSuchMethodError'{0x00000000fe03a658}: 'java.lang.Object java.lang.invoke.DirectMethodHandle$Holder.invokeStaticInit(java.lang.Object, int, int, int, int)'> (0x00000000fe03a658) 
thrown [s\open\src\hotspot\share\interpreter\linkResolver.cpp, line 773]
Event: 0.993 Thread 0x000002c75aee0050 Exception <a 'java/lang/NoSuchMethodError'{0x00000000fdf031f0}: 'java.lang.Object java.lang.invoke.DirectMethodHandle$Holder.invokeStaticInit(java.lang.Object, java.lang.Object, int, int, int, int)'> (0x00000000fdf031f0) 
thrown [s\open\src\hotspot\share\interpreter\linkResolver.cpp, line 773]
Event: 1.014 Thread 0x000002c75aee0050 Implicit null exception at 0x000002c76cffbea4 to 0x000002c76cffc4f8
Event: 1.017 Thread 0x000002c75aee0050 Exception <a 'java/lang/NoSuchMethodError'{0x00000000fdfdd6f8}: 'void java.lang.invoke.DirectMethodHandle$Holder.invokeInterface(java.lang.Object, java.lang.Object, java.lang.Object)'> (0x00000000fdfdd6f8) 
thrown [s\open\src\hotspot\share\interpreter\linkResolver.cpp, line 773]

ZGC Phase Switch (0 events):
No events

VM Operations (20 events):
Event: 3.122 Executing VM operation: Cleanup
Event: 3.122 Executing VM operation: Cleanup done
Event: 4.131 Executing VM operation: Cleanup
Event: 4.131 Executing VM operation: Cleanup done
Event: 5.138 Executing VM operation: Cleanup
Event: 5.138 Executing VM operation: Cleanup done
Event: 6.147 Executing VM operation: Cleanup
Event: 6.147 Executing VM operation: Cleanup done
Event: 7.155 Executing VM operation: Cleanup
Event: 7.155 Executing VM operation: Cleanup done
Event: 8.164 Executing VM operation: Cleanup
Event: 8.164 Executing VM operation: Cleanup done
Event: 9.171 Executing VM operation: Cleanup
Event: 9.171 Executing VM operation: Cleanup done
Event: 10.177 Executing VM operation: Cleanup
Event: 10.177 Executing VM operation: Cleanup done
Event: 11.186 Executing VM operation: Cleanup
Event: 11.186 Executing VM operation: Cleanup done
Event: 12.190 Executing VM operation: Cleanup
Event: 12.190 Executing VM operation: Cleanup done

Events (16 events):
Event: 0.022 Thread 0x000002c75aee0050 Thread added: 0x000002c75aee0050
Event: 0.035 Thread 0x000002c75d107ef0 Thread added: 0x000002c75d107ef0
Event: 0.035 Thread 0x000002c75d109b00 Thread added: 0x000002c75d109b00
Event: 0.035 Thread 0x000002c75d10dc40 Thread added: 0x000002c75d10dc40
Event: 0.035 Thread 0x000002c7776edf50 Thread added: 0x000002c7776edf50
Event: 0.035 Thread 0x000002c7776eef00 Thread added: 0x000002c7776eef00
Event: 0.035 Thread 0x000002c7776f0580 Thread added: 0x000002c7776f0580
Event: 0.036 Thread 0x000002c7776f7400 Thread added: 0x000002c7776f7400
Event: 0.036 Thread 0x000002c777718920 Thread added: 0x000002c777718920
Event: 0.045 Thread 0x000002c7779a3820 Thread added: 0x000002c7779a3820
Event: 0.046 Thread 0x000002c7779a2b00 Thread added: 0x000002c7779a2b00
Event: 0.288 Thread 0x000002c777b44c60 Thread added: 0x000002c777b44c60
Event: 0.362 Thread 0x000002c77c0fc100 Thread added: 0x000002c77c0fc100
Event: 0.657 Thread 0x000002c7779a2470 Thread added: 0x000002c7779a2470
Event: 0.992 Thread 0x000002c77c0fc100 Thread exited: 0x000002c77c0fc100
Event: 1.366 Thread 0x000002c777b44c60 Thread exited: 0x000002c777b44c60


Dynamic libraries:
0x00007ff6ceca0000 - 0x00007ff6cecb0000 	C:\Program Files\Java\jdk-21\bin\java.exe
0x00007ffb5f540000 - 0x00007ffb5f749000 	C:\windows\SYSTEM32\ntdll.dll
0x00007ffb5df10000 - 0x00007ffb5dfce000 	C:\windows\System32\KERNEL32.DLL
0x00007ffb5cd20000 - 0x00007ffb5d09c000 	C:\windows\System32\KERNELBASE.dll
0x00007ffb5cc00000 - 0x00007ffb5cd11000 	C:\windows\System32\ucrtbase.dll
0x00007ffb55960000 - 0x00007ffb55979000 	C:\Program Files\Java\jdk-21\bin\jli.dll
0x00007ffb10bc0000 - 0x00007ffb10bdb000 	C:\Program Files\Java\jdk-21\bin\VCRUNTIME140.dll
0x00007ffb5d930000 - 0x00007ffb5d9de000 	C:\windows\System32\ADVAPI32.dll
0x00007ffb5d670000 - 0x00007ffb5d713000 	C:\windows\System32\msvcrt.dll
0x00007ffb5f2b0000 - 0x00007ffb5f34e000 	C:\windows\System32\sechost.dll
0x00007ffb5f3b0000 - 0x00007ffb5f4d0000 	C:\windows\System32\RPCRT4.dll
0x00007ffb5dfd0000 - 0x00007ffb5e17d000 	C:\windows\System32\USER32.dll
0x00007ffb5d160000 - 0x00007ffb5d186000 	C:\windows\System32\win32u.dll
0x00007ffb3ca80000 - 0x00007ffb3cd25000 	C:\windows\WinSxS\amd64_microsoft.windows.common-controls_6595b64144ccf1df_6.0.22000.120_none_9d947278b86cc467\COMCTL32.dll
0x00007ffb5f4d0000 - 0x00007ffb5f4f9000 	C:\windows\System32\GDI32.dll
0x00007ffb5d230000 - 0x00007ffb5d348000 	C:\windows\System32\gdi32full.dll
0x00007ffb5d190000 - 0x00007ffb5d22d000 	C:\windows\System32\msvcp_win.dll
0x00007ffb5a850000 - 0x00007ffb5a85a000 	C:\windows\SYSTEM32\VERSION.dll
0x00007ffb5d780000 - 0x00007ffb5d7b1000 	C:\windows\System32\IMM32.DLL
0x00007ffb58d90000 - 0x00007ffb58d9c000 	C:\Program Files\Java\jdk-21\bin\vcruntime140_1.dll
0x00007ffb0f280000 - 0x00007ffb0f30e000 	C:\Program Files\Java\jdk-21\bin\msvcp140.dll
0x00007ffac89e0000 - 0x00007ffac96fa000 	C:\Program Files\Java\jdk-21\bin\server\jvm.dll
0x00007ffb5c8e0000 - 0x00007ffb5c92d000 	C:\windows\SYSTEM32\POWRPROF.dll
0x00007ffb5db00000 - 0x00007ffb5db6f000 	C:\windows\System32\WS2_32.dll
0x00007ffb55dd0000 - 0x00007ffb55e03000 	C:\windows\SYSTEM32\WINMM.dll
0x00007ffb5c8c0000 - 0x00007ffb5c8d3000 	C:\windows\SYSTEM32\UMPDC.dll
0x00007ffb5ba50000 - 0x00007ffb5ba68000 	C:\windows\SYSTEM32\kernel.appcore.dll
0x00007ffb1aa80000 - 0x00007ffb1aa8a000 	C:\Program Files\Java\jdk-21\bin\jimage.dll
0x00007ffb4de90000 - 0x00007ffb4e0b1000 	C:\windows\SYSTEM32\DBGHELP.DLL
0x00007ffb3a440000 - 0x00007ffb3a471000 	C:\windows\SYSTEM32\dbgcore.DLL
0x00007ffb5cb80000 - 0x00007ffb5cbff000 	C:\windows\System32\bcryptPrimitives.dll
0x00007ffb10ba0000 - 0x00007ffb10bbf000 	C:\Program Files\Java\jdk-21\bin\java.dll
0x00007ffb5e270000 - 0x00007ffb5ea35000 	C:\windows\System32\SHELL32.dll
0x00007ffb5aac0000 - 0x00007ffb5b325000 	C:\windows\SYSTEM32\windows.storage.dll
0x00007ffb5ef30000 - 0x00007ffb5f2a6000 	C:\windows\System32\combase.dll
0x00007ffb5a950000 - 0x00007ffb5aab6000 	C:\windows\SYSTEM32\wintypes.dll
0x00007ffb5d3c0000 - 0x00007ffb5d4aa000 	C:\windows\System32\SHCORE.dll
0x00007ffb5dbf0000 - 0x00007ffb5dc4d000 	C:\windows\System32\shlwapi.dll
0x00007ffb5c940000 - 0x00007ffb5c961000 	C:\windows\SYSTEM32\profapi.dll
0x00007ffb0ed40000 - 0x00007ffb0ee17000 	C:\Program Files\Java\jdk-21\bin\jsvml.dll
0x00007ffb1a0d0000 - 0x00007ffb1a0e0000 	C:\Program Files\Java\jdk-21\bin\net.dll
0x00007ffb56970000 - 0x00007ffb56a82000 	C:\windows\SYSTEM32\WINHTTP.dll
0x00007ffb5bef0000 - 0x00007ffb5bf57000 	C:\windows\system32\mswsock.dll
0x00007ffb10b80000 - 0x00007ffb10b96000 	C:\Program Files\Java\jdk-21\bin\nio.dll
0x00007ffb10550000 - 0x00007ffb10568000 	C:\Program Files\Java\jdk-21\bin\zip.dll
0x00007ffb19ec0000 - 0x00007ffb19eca000 	C:\Program Files\Java\jdk-21\bin\management.dll
0x00007ffb19e80000 - 0x00007ffb19e8b000 	C:\Program Files\Java\jdk-21\bin\management_ext.dll
0x00007ffb5ea50000 - 0x00007ffb5ea58000 	C:\windows\System32\PSAPI.DLL
0x00007ffb17fd0000 - 0x00007ffb17fe0000 	C:\Program Files\Java\jdk-21\bin\verify.dll
0x00007ffb1a2e0000 - 0x00007ffb1a307000 	C:\Users\Arjun\.gradle\native\1def1411415f61bf3af743bc5b6707747c0891f09f0c88961ee8f79bc544acac\windows-amd64\native-platform.dll
0x00007ffb5b570000 - 0x00007ffb5b59d000 	C:\windows\SYSTEM32\IPHLPAPI.DLL
0x00007ffb5ea40000 - 0x00007ffb5ea49000 	C:\windows\System32\NSI.dll
0x00007ffb15fa0000 - 0x00007ffb15fa9000 	C:\Program Files\Java\jdk-21\bin\extnet.dll
0x00007ffb5c150000 - 0x00007ffb5c168000 	C:\windows\SYSTEM32\CRYPTSP.dll
0x00007ffb5b9b0000 - 0x00007ffb5b9e5000 	C:\windows\system32\rsaenh.dll
0x00007ffb5c000000 - 0x00007ffb5c029000 	C:\windows\SYSTEM32\USERENV.dll
0x00007ffb5c300000 - 0x00007ffb5c327000 	C:\windows\SYSTEM32\bcrypt.dll
0x00007ffb5c170000 - 0x00007ffb5c17c000 	C:\windows\SYSTEM32\CRYPTBASE.dll
0x00007ffb133c0000 - 0x00007ffb133ce000 	C:\Program Files\Java\jdk-21\bin\sunmscapi.dll
0x00007ffb5ca10000 - 0x00007ffb5cb72000 	C:\windows\System32\CRYPT32.dll
0x00007ffb5c2d0000 - 0x00007ffb5c2f8000 	C:\windows\SYSTEM32\ncrypt.dll
0x00007ffb5c290000 - 0x00007ffb5c2c7000 	C:\windows\SYSTEM32\NTASN1.dll
0x00007ffb2a0c0000 - 0x00007ffb2a0c8000 	C:\windows\system32\wshunix.dll

dbghelp: loaded successfully - version: 4.0.5 - missing functions: none
symbol engine: initialized successfully - sym options: 0x614 - pdb path: .;C:\Program Files\Java\jdk-21\bin;C:\windows\SYSTEM32;C:\windows\WinSxS\amd64_microsoft.windows.common-controls_6595b64144ccf1df_6.0.22000.120_none_9d947278b86cc467;C:\Program Files\Java\jdk-21\bin\server;C:\Users\Arjun\.gradle\native\1def1411415f61bf3af743bc5b6707747c0891f09f0c88961ee8f79bc544acac\windows-amd64

VM Arguments:
jvm_args: -Xmx64m -Xms64m -Dorg.gradle.appname=gradlew 
java_command: D:\Reactnative\CRM\Crm-App\android\\gradle\wrapper\gradle-wrapper.jar assembleRelease
java_class_path (initial): D:\Reactnative\CRM\Crm-App\android\\gradle\wrapper\gradle-wrapper.jar
Launcher Type: SUN_STANDARD

[Global flags]
     intx CICompilerCount                          = 4                                         {product} {ergonomic}
     uint ConcGCThreads                            = 3                                         {product} {ergonomic}
     uint G1ConcRefinementThreads                  = 10                                        {product} {ergonomic}
   size_t G1HeapRegionSize                         = 1048576                                   {product} {ergonomic}
    uintx GCDrainStackTargetSize                   = 64                                        {product} {ergonomic}
   size_t InitialHeapSize                          = 67108864                                  {product} {command line}
   size_t MarkStackSize                            = 4194304                                   {product} {ergonomic}
   size_t MaxHeapSize                              = 67108864                                  {product} {command line}
   size_t MaxNewSize                               = 39845888                                  {product} {ergonomic}
   size_t MinHeapDeltaBytes                        = 1048576                                   {product} {ergonomic}
   size_t MinHeapSize                              = 67108864                                  {product} {command line}
    uintx NonNMethodCodeHeapSize                   = 5839372                                {pd product} {ergonomic}
    uintx NonProfiledCodeHeapSize                  = 122909434                              {pd product} {ergonomic}
    uintx ProfiledCodeHeapSize                     = 122909434                              {pd product} {ergonomic}
    uintx ReservedCodeCacheSize                    = 251658240                              {pd product} {ergonomic}
     bool SegmentedCodeCache                       = true                                      {product} {ergonomic}
   size_t SoftMaxHeapSize                          = 67108864                               {manageable} {ergonomic}
     bool UseCompressedOops                        = true                           {product lp64_product} {ergonomic}
     bool UseG1GC                                  = true                                      {product} {ergonomic}
     bool UseLargePagesIndividualAllocation        = false                                  {pd product} {ergonomic}

Logging:
Log output configuration:
 #0: stdout all=warning uptime,level,tags foldmultilines=false
 #1: stderr all=off uptime,level,tags foldmultilines=false

Environment Variables:
JAVA_HOME=C:\Program Files\Java\jdk-21
PATH=C:\Program Files\Java\jdk-21\bin;C:\Program Files\Microsoft\jdk-17.0.12.7-hotspot\bin;C:\windows\system32;C:\windows;C:\windows\System32\Wbem;C:\windows\System32\WindowsPowerShell\v1.0\;C:\windows\System32\OpenSSH\;C:\Program Files (x86)\NVIDIA Corporation\PhysX\Common;C:\Program Files\NVIDIA Corporation\NVIDIA NvDLISR;C:\MinGW\bin;C:\MinGW\bin;C:\Program Files\MySQL\MySQL Server 8.0\bin;C:\Program Files\Git\cmd;C:\ProgramData\chocolatey\bin;C:\Users\Arjun\AppData\Local\Android\Sdk;C:\Users\Arjun\AppData\Local\Android\Sdk\platform-tools;C:\Program Files\Java\jdk-21\bin;C:\Users\Arjun\AppData\Local\Android\Sdk\platform-tools;C:\Program Files\nodejs\;c:\Users\Arjun\AppData\Local\Programs\cursor\resources\app\bin;C:\Users\Arjun\AppData\Local\Android\Sdk\tools;C:\Program Files\dotnet\;C:\Users\Arjun\AppData\Local\Android\Sdk\tools;C:\Users\Arjun\AppData\Local\Android\Sdk\platform-tools;C:\Program Files\MySQL\MySQL Shell 8.0\bin\;C:\Users\Arjun\AppData\Local\Microsoft\WindowsApps;C:\Program Files\nodejs\;C:\Program Files\MongoDB\Server\7.0\bin;C:\Program Files\Java\jdk-21\bin;C:\Users\Arjun\AppData\Local\Android\Sdk;C:\Users\Arjun\AppData\Local\Android\Sdk\platform-tools;C:\Users\Arjun\AppData\Roaming\npm;C:\Users\Arjun\AppData\Local\Programs\cursor\resources\app\bin;C:\Program Files\Java\jdk-21\bin;C:\Users\Arjun\AppData\Local\Programs\Microsoft VS Code\bin;C:\Users\Arjun\AppData\Local\Programs\Antigravity\bin;c:\Users\Arjun\.antigravity\extensions\vscjava.vscode-java-debug-0.58.5-universal\bundled\scripts\noConfigScripts
USERNAME=Arjun
LANG=en_US.UTF-8
OS=Windows_NT
PROCESSOR_IDENTIFIER=AMD64 Family 25 Model 80 Stepping 0, AuthenticAMD
TMP=C:\Users\Arjun\AppData\Local\Temp
TEMP=C:\Users\Arjun\AppData\Local\Temp




Periodic native trim disabled

---------------  S Y S T E M  ---------------

OS:
 Windows 11 , 64 bit Build 22000 (10.0.22000.1516)
OS uptime: 1 days 1:42 hours
Hyper-V role detected

CPU: total 12 (initial active 12) (12 cores per cpu, 2 threads per core) family 25 model 80 stepping 0 microcode 0x0, cx8, cmov, fxsr, ht, mmx, 3dnowpref, sse, sse2, sse3, ssse3, sse4a, sse4.1, sse4.2, popcnt, lzcnt, tsc, tscinvbit, avx, avx2, aes, erms, clmul, bmi1, bmi2, adx, sha, fma, vzeroupper, clflush, clflushopt, hv, rdtscp, rdpid, fsrm, f16c, cet_ss
Processor Information for processor 0
  Max Mhz: 3301, Current Mhz: 3301, Mhz Limit: 3301
Processor Information for processor 1
  Max Mhz: 3301, Current Mhz: 3301, Mhz Limit: 3301
Processor Information for processor 2
  Max Mhz: 3301, Current Mhz: 3301, Mhz Limit: 3301
Processor Information for processor 3
  Max Mhz: 3301, Current Mhz: 3301, Mhz Limit: 3301
Processor Information for processor 4
  Max Mhz: 3301, Current Mhz: 2630, Mhz Limit: 3301
Processor Information for processor 5
  Max Mhz: 3301, Current Mhz: 3301, Mhz Limit: 3301
Processor Information for processor 6
  Max Mhz: 3301, Current Mhz: 3301, Mhz Limit: 3301
Processor Information for processor 7
  Max Mhz: 3301, Current Mhz: 3301, Mhz Limit: 3301
Processor Information for processor 8
  Max Mhz: 3301, Current Mhz: 2630, Mhz Limit: 3301
Processor Information for processor 9
  Max Mhz: 3301, Current Mhz: 3301, Mhz Limit: 3301
Processor Information for processor 10
  Max Mhz: 3301, Current Mhz: 2630, Mhz Limit: 3301
Processor Information for processor 11
  Max Mhz: 3301, Current Mhz: 3301, Mhz Limit: 3301

Memory: 4k page, system-wide physical 7523M (274M free)
TotalPageFile size 31075M (AvailPageFile size 4M)
current process WorkingSet (physical memory assigned to process): 14M, peak: 102M
current process commit charge ("private bytes"): 168M, peak: 173M

vm_info: Java HotSpot(TM) 64-Bit Server VM (21.0.7+8-LTS-245) for windows-amd64 JRE (21.0.7+8-LTS-245), built on 2025-02-21T05:11:27Z by "mach5one" with MS VC++ 17.6 (VS2022)

END.
